2016-01-03 20:36:09 [127.0.0.1][-][-][error][yii\base\InvalidParamException] exception 'yii\base\InvalidParamException' with message 'The file or directory to be published does not exist: D:\day8\month9\rikao2\vendor\yiisoft\yii2/assets' in D:\day8\advanced\vendor\yiisoft\yii2\web\AssetManager.php:452
Stack trace:
#0 D:\day8\advanced\vendor\yiisoft\yii2\web\AssetBundle.php(163): yii\web\AssetManager->publish('D:\\day8\\month9\\...', Array)
#1 D:\day8\advanced\vendor\yiisoft\yii2\web\AssetManager.php(266): yii\web\AssetBundle->publish(Object(yii\web\AssetManager))
#2 D:\day8\advanced\vendor\yiisoft\yii2\web\AssetManager.php(237): yii\web\AssetManager->loadBundle('yii\\web\\YiiAsse...', Array, true)
#3 D:\day8\advanced\vendor\yiisoft\yii2\web\View.php(284): yii\web\AssetManager->getBundle('yii\\web\\YiiAsse...')
#4 D:\day8\advanced\vendor\yiisoft\yii2\web\View.php(289): yii\web\View->registerAssetBundle('yii\\web\\YiiAsse...', NULL)
#5 D:\day8\advanced\vendor\yiisoft\yii2\web\AssetBundle.php(119): yii\web\View->registerAssetBundle('frontend\\assets...')
#6 D:\day8\advanced\frontend\views\layouts\main.php(13): yii\web\AssetBundle::register(Object(yii\web\View))
#7 D:\day8\advanced\vendor\yiisoft\yii2\base\View.php(325): require('D:\\day8\\advance...')
#8 D:\day8\advanced\vendor\yiisoft\yii2\base\View.php(247): yii\base\View->renderPhpFile('D:\\day8\\advance...', Array)
#9 D:\day8\advanced\vendor\yiisoft\yii2\base\Controller.php(386): yii\base\View->renderFile('D:\\day8\\advance...', Array, Object(frontend\controllers\SiteController))
#10 D:\day8\advanced\vendor\yiisoft\yii2\base\Controller.php(372): yii\base\Controller->renderContent('<div class="sit...')
#11 D:\day8\advanced\frontend\controllers\SiteController.php(75): yii\base\Controller->render('index')
#12 [internal function]: frontend\controllers\SiteController->actionIndex()
#13 D:\day8\advanced\vendor\yiisoft\yii2\base\InlineAction.php(55): call_user_func_array(Array, Array)
#14 D:\day8\advanced\vendor\yiisoft\yii2\base\Controller.php(151): yii\base\InlineAction->runWithParams(Array)
#15 D:\day8\advanced\vendor\yiisoft\yii2\base\Module.php(455): yii\base\Controller->runAction('', Array)
#16 D:\day8\advanced\vendor\yiisoft\yii2\web\Application.php(84): yii\base\Module->runAction('', Array)
#17 D:\day8\advanced\vendor\yiisoft\yii2\base\Application.php(375): yii\web\Application->handleRequest(Object(yii\web\Request))
#18 D:\day8\advanced\frontend\web\index.php(18): yii\base\Application->run()
#19 {main}
2016-01-03 20:36:09 [127.0.0.1][-][-][info][application] $_COOKIE = [
    'pgv_pvi' => '5805983744'
    'CKFinder_Path' => 'Images:/:1'
    'vjuids' => '-55d53347f.150d5a1378b.0.ee53581f'
    'bdshare_firstime' => '1446790037236'
    'Hm_lvt_324368ef52596457d064ca5db8c6618e' => '1447029557'
    '_ga' => 'GA1.2.1680509199.1447029557'
    'Hm_lvt_080dabacb001ad3dc8b9b9049b36d43b' => '1447073664'
    '__gads' => 'ID=2dd5c3e5d5ea2c15:T=1447073620:S=ALNI_MYj2yIiDX6zJx8142G7TEP3WB86eA'
    'vjlast' => '1446693124.1447073664.11'
    'lastvisit' => '1447632599939'
    'Hm_lvt_afb625f73f5cdb2df77e65fce01cdb9d' => '1447816802'
    'CNZZDATA4782199' => 'cnzz_eid=997361507-1447812949-&ntime=1447812949'
    'Hm_lvt_7fe4ae9e1d0d01bcf748d066979cd2aa' => '1448283100'
    'CNZZDATA1254714237' => '2041149388-1448185007-http%3A%2F%2Fwww.day8.com%2F|1448670322'
    'Hm_lvt_d799c65d200835b98ecf7760c758bc5d' => '1448411685,1448501366,1448588535,1448670618'
    '8g71_2132_saltkey' => 's663hzxQ'
    '8g71_2132_lastvisit' => '1450682866'
    'ECS' => [
        'username' => '宏甜歌'
        'visit_times' => '40'
    ]
    'PHPSESSID' => 'tp5a3j0tdqkr9b790hahfg2it3'
    '_csrf' => '613f6c5bd5ed5d910be6e29646d82d5fec5f4c628ae06fed0de1e65e4e291621a:2:{i:0;s:5:\"_csrf\";i:1;s:32:\"eiVxN_lkMXcW2aVP_NCSzPd9I528q2-t\";}'
]

$_SERVER = [
    'HTTP_HOST' => 'www.day8.com'
    'HTTP_CONNECTION' => 'keep-alive'
    'HTTP_ACCEPT' => 'text/html,application/xhtml+xml,application/xml;q=0.9,image/webp,*/*;q=0.8'
    'HTTP_USER_AGENT' => 'Mozilla/5.0 (Windows NT 6.1; WOW64) AppleWebKit/537.36 (KHTML, like Gecko) Chrome/36.0.1985.125 Safari/537.36'
    'HTTP_REFERER' => 'http://www.day8.com/advanced/frontend/'
    'HTTP_ACCEPT_ENCODING' => 'gzip,deflate,sdch'
    'HTTP_ACCEPT_LANGUAGE' => 'zh-CN,zh;q=0.8'
    'HTTP_COOKIE' => 'pgv_pvi=5805983744; CKFinder_Path=Images%3A%2F%3A1; vjuids=-55d53347f.150d5a1378b.0.ee53581f; bdshare_firstime=1446790037236; Hm_lvt_324368ef52596457d064ca5db8c6618e=1447029557; _ga=GA1.2.1680509199.1447029557; Hm_lvt_080dabacb001ad3dc8b9b9049b36d43b=1447073664; __gads=ID=2dd5c3e5d5ea2c15:T=1447073620:S=ALNI_MYj2yIiDX6zJx8142G7TEP3WB86eA; vjlast=1446693124.1447073664.11; lastvisit=1447632599939; Hm_lvt_afb625f73f5cdb2df77e65fce01cdb9d=1447816802; CNZZDATA4782199=cnzz_eid%3D997361507-1447812949-%26ntime%3D1447812949; Hm_lvt_7fe4ae9e1d0d01bcf748d066979cd2aa=1448283100; CNZZDATA1254714237=2041149388-1448185007-http%253A%252F%252Fwww.day8.com%252F%7C1448670322; Hm_lvt_d799c65d200835b98ecf7760c758bc5d=1448411685,1448501366,1448588535,1448670618; 8g71_2132_saltkey=s663hzxQ; 8g71_2132_lastvisit=1450682866; ECS[username]=%E5%AE%8F%E7%94%9C%E6%AD%8C; ECS[visit_times]=40; PHPSESSID=tp5a3j0tdqkr9b790hahfg2it3; _csrf=613f6c5bd5ed5d910be6e29646d82d5fec5f4c628ae06fed0de1e65e4e291621a%3A2%3A%7Bi%3A0%3Bs%3A5%3A%22_csrf%22%3Bi%3A1%3Bs%3A32%3A%22eiVxN_lkMXcW2aVP_NCSzPd9I528q2-t%22%3B%7D'
    'PATH' => 'C:\\Windows\\system32;C:\\Windows;C:\\Windows\\System32\\Wbem;C:\\Windows\\System32\\WindowsPowerShell\\v1.0\\;D:\\wamp\\mysqldata\\bin;D:\\wamp\\mysql\\bin;C:\\Program Files\\TortoiseSVN\\bin;E:\\Composer\\UPUPW_AP5.6_64\\PHP5;C:\\ProgramData\\ComposerSetup\\bin;'
    'SystemRoot' => 'C:\\Windows'
    'COMSPEC' => 'C:\\Windows\\system32\\cmd.exe'
    'PATHEXT' => '.COM;.EXE;.BAT;.CMD;.VBS;.VBE;.JS;.JSE;.WSF;.WSH;.MSC'
    'WINDIR' => 'C:\\Windows'
    'SERVER_SIGNATURE' => '<address>Apache/2.4.17 Server at www.day8.com Port 80</address>
'
    'SERVER_SOFTWARE' => 'Apache/2.4.17'
    'SERVER_NAME' => 'www.day8.com'
    'SERVER_ADDR' => '127.0.0.1'
    'SERVER_PORT' => '80'
    'REMOTE_ADDR' => '127.0.0.1'
    'DOCUMENT_ROOT' => 'D:/day8'
    'REQUEST_SCHEME' => 'http'
    'CONTEXT_PREFIX' => ''
    'CONTEXT_DOCUMENT_ROOT' => 'D:/day8'
    'SERVER_ADMIN' => 'webmaster@www.day8.com'
    'SCRIPT_FILENAME' => 'D:/day8/advanced/frontend/web/index.php'
    'REMOTE_PORT' => '58969'
    'GATEWAY_INTERFACE' => 'CGI/1.1'
    'SERVER_PROTOCOL' => 'HTTP/1.1'
    'REQUEST_METHOD' => 'GET'
    'QUERY_STRING' => ''
    'REQUEST_URI' => '/advanced/frontend/web/'
    'SCRIPT_NAME' => '/advanced/frontend/web/index.php'
    'PHP_SELF' => '/advanced/frontend/web/index.php'
    'REQUEST_TIME_FLOAT' => 1451824568.891
    'REQUEST_TIME' => 1451824568
]
2016-01-03 20:36:09 [127.0.0.1][-][-][warning][yii\log\Dispatcher::dispatch] Unable to send log via yii\debug\LogTarget: Exception 'Exception' with message 'Serialization of 'Closure' is not allowed' 

in D:\day8\advanced\vendor\yiisoft\yii2-debug\LogTarget.php:58

Stack trace:
#0 D:\day8\advanced\vendor\yiisoft\yii2-debug\LogTarget.php(58): serialize(Array)
#1 D:\day8\advanced\vendor\yiisoft\yii2-debug\LogTarget.php(112): yii\debug\LogTarget->export(Array)
#2 D:\day8\advanced\vendor\yiisoft\yii2\log\Dispatcher.php(183): yii\debug\LogTarget->collect(Array, true)
#3 D:\day8\advanced\vendor\yiisoft\yii2\log\Logger.php(173): yii\log\Dispatcher->dispatch(Array, true)
#4 [internal function]: yii\log\Logger->flush(true)
#5 {main}
2016-01-03 20:36:09 [127.0.0.1][-][-][info][application] $_COOKIE = [
    'pgv_pvi' => '5805983744'
    'CKFinder_Path' => 'Images:/:1'
    'vjuids' => '-55d53347f.150d5a1378b.0.ee53581f'
    'bdshare_firstime' => '1446790037236'
    'Hm_lvt_324368ef52596457d064ca5db8c6618e' => '1447029557'
    '_ga' => 'GA1.2.1680509199.1447029557'
    'Hm_lvt_080dabacb001ad3dc8b9b9049b36d43b' => '1447073664'
    '__gads' => 'ID=2dd5c3e5d5ea2c15:T=1447073620:S=ALNI_MYj2yIiDX6zJx8142G7TEP3WB86eA'
    'vjlast' => '1446693124.1447073664.11'
    'lastvisit' => '1447632599939'
    'Hm_lvt_afb625f73f5cdb2df77e65fce01cdb9d' => '1447816802'
    'CNZZDATA4782199' => 'cnzz_eid=997361507-1447812949-&ntime=1447812949'
    'Hm_lvt_7fe4ae9e1d0d01bcf748d066979cd2aa' => '1448283100'
    'CNZZDATA1254714237' => '2041149388-1448185007-http%3A%2F%2Fwww.day8.com%2F|1448670322'
    'Hm_lvt_d799c65d200835b98ecf7760c758bc5d' => '1448411685,1448501366,1448588535,1448670618'
    '8g71_2132_saltkey' => 's663hzxQ'
    '8g71_2132_lastvisit' => '1450682866'
    'ECS' => [
        'username' => '宏甜歌'
        'visit_times' => '40'
    ]
    'PHPSESSID' => 'tp5a3j0tdqkr9b790hahfg2it3'
    '_csrf' => '613f6c5bd5ed5d910be6e29646d82d5fec5f4c628ae06fed0de1e65e4e291621a:2:{i:0;s:5:\"_csrf\";i:1;s:32:\"eiVxN_lkMXcW2aVP_NCSzPd9I528q2-t\";}'
]

$_SERVER = [
    'HTTP_HOST' => 'www.day8.com'
    'HTTP_CONNECTION' => 'keep-alive'
    'HTTP_ACCEPT' => 'text/html,application/xhtml+xml,application/xml;q=0.9,image/webp,*/*;q=0.8'
    'HTTP_USER_AGENT' => 'Mozilla/5.0 (Windows NT 6.1; WOW64) AppleWebKit/537.36 (KHTML, like Gecko) Chrome/36.0.1985.125 Safari/537.36'
    'HTTP_REFERER' => 'http://www.day8.com/advanced/frontend/'
    'HTTP_ACCEPT_ENCODING' => 'gzip,deflate,sdch'
    'HTTP_ACCEPT_LANGUAGE' => 'zh-CN,zh;q=0.8'
    'HTTP_COOKIE' => 'pgv_pvi=5805983744; CKFinder_Path=Images%3A%2F%3A1; vjuids=-55d53347f.150d5a1378b.0.ee53581f; bdshare_firstime=1446790037236; Hm_lvt_324368ef52596457d064ca5db8c6618e=1447029557; _ga=GA1.2.1680509199.1447029557; Hm_lvt_080dabacb001ad3dc8b9b9049b36d43b=1447073664; __gads=ID=2dd5c3e5d5ea2c15:T=1447073620:S=ALNI_MYj2yIiDX6zJx8142G7TEP3WB86eA; vjlast=1446693124.1447073664.11; lastvisit=1447632599939; Hm_lvt_afb625f73f5cdb2df77e65fce01cdb9d=1447816802; CNZZDATA4782199=cnzz_eid%3D997361507-1447812949-%26ntime%3D1447812949; Hm_lvt_7fe4ae9e1d0d01bcf748d066979cd2aa=1448283100; CNZZDATA1254714237=2041149388-1448185007-http%253A%252F%252Fwww.day8.com%252F%7C1448670322; Hm_lvt_d799c65d200835b98ecf7760c758bc5d=1448411685,1448501366,1448588535,1448670618; 8g71_2132_saltkey=s663hzxQ; 8g71_2132_lastvisit=1450682866; ECS[username]=%E5%AE%8F%E7%94%9C%E6%AD%8C; ECS[visit_times]=40; PHPSESSID=tp5a3j0tdqkr9b790hahfg2it3; _csrf=613f6c5bd5ed5d910be6e29646d82d5fec5f4c628ae06fed0de1e65e4e291621a%3A2%3A%7Bi%3A0%3Bs%3A5%3A%22_csrf%22%3Bi%3A1%3Bs%3A32%3A%22eiVxN_lkMXcW2aVP_NCSzPd9I528q2-t%22%3B%7D'
    'PATH' => 'C:\\Windows\\system32;C:\\Windows;C:\\Windows\\System32\\Wbem;C:\\Windows\\System32\\WindowsPowerShell\\v1.0\\;D:\\wamp\\mysqldata\\bin;D:\\wamp\\mysql\\bin;C:\\Program Files\\TortoiseSVN\\bin;E:\\Composer\\UPUPW_AP5.6_64\\PHP5;C:\\ProgramData\\ComposerSetup\\bin;'
    'SystemRoot' => 'C:\\Windows'
    'COMSPEC' => 'C:\\Windows\\system32\\cmd.exe'
    'PATHEXT' => '.COM;.EXE;.BAT;.CMD;.VBS;.VBE;.JS;.JSE;.WSF;.WSH;.MSC'
    'WINDIR' => 'C:\\Windows'
    'SERVER_SIGNATURE' => '<address>Apache/2.4.17 Server at www.day8.com Port 80</address>
'
    'SERVER_SOFTWARE' => 'Apache/2.4.17'
    'SERVER_NAME' => 'www.day8.com'
    'SERVER_ADDR' => '127.0.0.1'
    'SERVER_PORT' => '80'
    'REMOTE_ADDR' => '127.0.0.1'
    'DOCUMENT_ROOT' => 'D:/day8'
    'REQUEST_SCHEME' => 'http'
    'CONTEXT_PREFIX' => ''
    'CONTEXT_DOCUMENT_ROOT' => 'D:/day8'
    'SERVER_ADMIN' => 'webmaster@www.day8.com'
    'SCRIPT_FILENAME' => 'D:/day8/advanced/frontend/web/index.php'
    'REMOTE_PORT' => '58969'
    'GATEWAY_INTERFACE' => 'CGI/1.1'
    'SERVER_PROTOCOL' => 'HTTP/1.1'
    'REQUEST_METHOD' => 'GET'
    'QUERY_STRING' => ''
    'REQUEST_URI' => '/advanced/frontend/web/'
    'SCRIPT_NAME' => '/advanced/frontend/web/index.php'
    'PHP_SELF' => '/advanced/frontend/web/index.php'
    'REQUEST_TIME_FLOAT' => 1451824568.891
    'REQUEST_TIME' => 1451824568
]
2016-01-03 20:36:37 [127.0.0.1][-][-][error][yii\base\InvalidParamException] exception 'yii\base\InvalidParamException' with message 'The file or directory to be published does not exist: D:\day8\month9\rikao2\vendor\yiisoft\yii2/assets' in D:\day8\advanced\vendor\yiisoft\yii2\web\AssetManager.php:452
Stack trace:
#0 D:\day8\advanced\vendor\yiisoft\yii2\web\AssetBundle.php(163): yii\web\AssetManager->publish('D:\\day8\\month9\\...', Array)
#1 D:\day8\advanced\vendor\yiisoft\yii2\web\AssetManager.php(266): yii\web\AssetBundle->publish(Object(yii\web\AssetManager))
#2 D:\day8\advanced\vendor\yiisoft\yii2\web\AssetManager.php(237): yii\web\AssetManager->loadBundle('yii\\web\\YiiAsse...', Array, true)
#3 D:\day8\advanced\vendor\yiisoft\yii2\web\View.php(284): yii\web\AssetManager->getBundle('yii\\web\\YiiAsse...')
#4 D:\day8\advanced\vendor\yiisoft\yii2\web\View.php(289): yii\web\View->registerAssetBundle('yii\\web\\YiiAsse...', NULL)
#5 D:\day8\advanced\vendor\yiisoft\yii2\web\AssetBundle.php(119): yii\web\View->registerAssetBundle('frontend\\assets...')
#6 D:\day8\advanced\frontend\views\layouts\main.php(13): yii\web\AssetBundle::register(Object(yii\web\View))
#7 D:\day8\advanced\vendor\yiisoft\yii2\base\View.php(325): require('D:\\day8\\advance...')
#8 D:\day8\advanced\vendor\yiisoft\yii2\base\View.php(247): yii\base\View->renderPhpFile('D:\\day8\\advance...', Array)
#9 D:\day8\advanced\vendor\yiisoft\yii2\base\Controller.php(386): yii\base\View->renderFile('D:\\day8\\advance...', Array, Object(frontend\controllers\SiteController))
#10 D:\day8\advanced\vendor\yiisoft\yii2\base\Controller.php(372): yii\base\Controller->renderContent('<div class="sit...')
#11 D:\day8\advanced\frontend\controllers\SiteController.php(75): yii\base\Controller->render('index')
#12 [internal function]: frontend\controllers\SiteController->actionIndex()
#13 D:\day8\advanced\vendor\yiisoft\yii2\base\InlineAction.php(55): call_user_func_array(Array, Array)
#14 D:\day8\advanced\vendor\yiisoft\yii2\base\Controller.php(151): yii\base\InlineAction->runWithParams(Array)
#15 D:\day8\advanced\vendor\yiisoft\yii2\base\Module.php(455): yii\base\Controller->runAction('', Array)
#16 D:\day8\advanced\vendor\yiisoft\yii2\web\Application.php(84): yii\base\Module->runAction('', Array)
#17 D:\day8\advanced\vendor\yiisoft\yii2\base\Application.php(375): yii\web\Application->handleRequest(Object(yii\web\Request))
#18 D:\day8\advanced\frontend\web\index.php(18): yii\base\Application->run()
#19 {main}
2016-01-03 20:36:37 [127.0.0.1][-][-][info][application] $_COOKIE = [
    'pgv_pvi' => '5805983744'
    'CKFinder_Path' => 'Images:/:1'
    'vjuids' => '-55d53347f.150d5a1378b.0.ee53581f'
    'bdshare_firstime' => '1446790037236'
    'Hm_lvt_324368ef52596457d064ca5db8c6618e' => '1447029557'
    '_ga' => 'GA1.2.1680509199.1447029557'
    'Hm_lvt_080dabacb001ad3dc8b9b9049b36d43b' => '1447073664'
    '__gads' => 'ID=2dd5c3e5d5ea2c15:T=1447073620:S=ALNI_MYj2yIiDX6zJx8142G7TEP3WB86eA'
    'vjlast' => '1446693124.1447073664.11'
    'lastvisit' => '1447632599939'
    'Hm_lvt_afb625f73f5cdb2df77e65fce01cdb9d' => '1447816802'
    'CNZZDATA4782199' => 'cnzz_eid=997361507-1447812949-&ntime=1447812949'
    'Hm_lvt_7fe4ae9e1d0d01bcf748d066979cd2aa' => '1448283100'
    'CNZZDATA1254714237' => '2041149388-1448185007-http%3A%2F%2Fwww.day8.com%2F|1448670322'
    'Hm_lvt_d799c65d200835b98ecf7760c758bc5d' => '1448411685,1448501366,1448588535,1448670618'
    '8g71_2132_saltkey' => 's663hzxQ'
    '8g71_2132_lastvisit' => '1450682866'
    'ECS' => [
        'username' => '宏甜歌'
        'visit_times' => '40'
    ]
    'PHPSESSID' => 'tp5a3j0tdqkr9b790hahfg2it3'
    '_csrf' => '613f6c5bd5ed5d910be6e29646d82d5fec5f4c628ae06fed0de1e65e4e291621a:2:{i:0;s:5:\"_csrf\";i:1;s:32:\"eiVxN_lkMXcW2aVP_NCSzPd9I528q2-t\";}'
]

$_SERVER = [
    'HTTP_HOST' => 'www.day8.com'
    'HTTP_CONNECTION' => 'keep-alive'
    'HTTP_ACCEPT' => 'text/html,application/xhtml+xml,application/xml;q=0.9,image/webp,*/*;q=0.8'
    'HTTP_USER_AGENT' => 'Mozilla/5.0 (Windows NT 6.1; WOW64) AppleWebKit/537.36 (KHTML, like Gecko) Chrome/36.0.1985.125 Safari/537.36'
    'HTTP_REFERER' => 'http://www.day8.com/advanced/frontend/'
    'HTTP_ACCEPT_ENCODING' => 'gzip,deflate,sdch'
    'HTTP_ACCEPT_LANGUAGE' => 'zh-CN,zh;q=0.8'
    'HTTP_COOKIE' => 'pgv_pvi=5805983744; CKFinder_Path=Images%3A%2F%3A1; vjuids=-55d53347f.150d5a1378b.0.ee53581f; bdshare_firstime=1446790037236; Hm_lvt_324368ef52596457d064ca5db8c6618e=1447029557; _ga=GA1.2.1680509199.1447029557; Hm_lvt_080dabacb001ad3dc8b9b9049b36d43b=1447073664; __gads=ID=2dd5c3e5d5ea2c15:T=1447073620:S=ALNI_MYj2yIiDX6zJx8142G7TEP3WB86eA; vjlast=1446693124.1447073664.11; lastvisit=1447632599939; Hm_lvt_afb625f73f5cdb2df77e65fce01cdb9d=1447816802; CNZZDATA4782199=cnzz_eid%3D997361507-1447812949-%26ntime%3D1447812949; Hm_lvt_7fe4ae9e1d0d01bcf748d066979cd2aa=1448283100; CNZZDATA1254714237=2041149388-1448185007-http%253A%252F%252Fwww.day8.com%252F%7C1448670322; Hm_lvt_d799c65d200835b98ecf7760c758bc5d=1448411685,1448501366,1448588535,1448670618; 8g71_2132_saltkey=s663hzxQ; 8g71_2132_lastvisit=1450682866; ECS[username]=%E5%AE%8F%E7%94%9C%E6%AD%8C; ECS[visit_times]=40; PHPSESSID=tp5a3j0tdqkr9b790hahfg2it3; _csrf=613f6c5bd5ed5d910be6e29646d82d5fec5f4c628ae06fed0de1e65e4e291621a%3A2%3A%7Bi%3A0%3Bs%3A5%3A%22_csrf%22%3Bi%3A1%3Bs%3A32%3A%22eiVxN_lkMXcW2aVP_NCSzPd9I528q2-t%22%3B%7D'
    'PATH' => 'C:\\Windows\\system32;C:\\Windows;C:\\Windows\\System32\\Wbem;C:\\Windows\\System32\\WindowsPowerShell\\v1.0\\;D:\\wamp\\mysqldata\\bin;D:\\wamp\\mysql\\bin;C:\\Program Files\\TortoiseSVN\\bin;E:\\Composer\\UPUPW_AP5.6_64\\PHP5;C:\\ProgramData\\ComposerSetup\\bin;'
    'SystemRoot' => 'C:\\Windows'
    'COMSPEC' => 'C:\\Windows\\system32\\cmd.exe'
    'PATHEXT' => '.COM;.EXE;.BAT;.CMD;.VBS;.VBE;.JS;.JSE;.WSF;.WSH;.MSC'
    'WINDIR' => 'C:\\Windows'
    'SERVER_SIGNATURE' => '<address>Apache/2.4.17 Server at www.day8.com Port 80</address>
'
    'SERVER_SOFTWARE' => 'Apache/2.4.17'
    'SERVER_NAME' => 'www.day8.com'
    'SERVER_ADDR' => '127.0.0.1'
    'SERVER_PORT' => '80'
    'REMOTE_ADDR' => '127.0.0.1'
    'DOCUMENT_ROOT' => 'D:/day8'
    'REQUEST_SCHEME' => 'http'
    'CONTEXT_PREFIX' => ''
    'CONTEXT_DOCUMENT_ROOT' => 'D:/day8'
    'SERVER_ADMIN' => 'webmaster@www.day8.com'
    'SCRIPT_FILENAME' => 'D:/day8/advanced/frontend/web/index.php'
    'REMOTE_PORT' => '58978'
    'GATEWAY_INTERFACE' => 'CGI/1.1'
    'SERVER_PROTOCOL' => 'HTTP/1.1'
    'REQUEST_METHOD' => 'GET'
    'QUERY_STRING' => ''
    'REQUEST_URI' => '/advanced/frontend/web/'
    'SCRIPT_NAME' => '/advanced/frontend/web/index.php'
    'PHP_SELF' => '/advanced/frontend/web/index.php'
    'REQUEST_TIME_FLOAT' => 1451824597.645
    'REQUEST_TIME' => 1451824597
]
2016-01-03 20:36:37 [127.0.0.1][-][-][warning][yii\log\Dispatcher::dispatch] Unable to send log via yii\debug\LogTarget: Exception 'Exception' with message 'Serialization of 'Closure' is not allowed' 

in D:\day8\advanced\vendor\yiisoft\yii2-debug\LogTarget.php:58

Stack trace:
#0 D:\day8\advanced\vendor\yiisoft\yii2-debug\LogTarget.php(58): serialize(Array)
#1 D:\day8\advanced\vendor\yiisoft\yii2-debug\LogTarget.php(112): yii\debug\LogTarget->export(Array)
#2 D:\day8\advanced\vendor\yiisoft\yii2\log\Dispatcher.php(183): yii\debug\LogTarget->collect(Array, true)
#3 D:\day8\advanced\vendor\yiisoft\yii2\log\Logger.php(173): yii\log\Dispatcher->dispatch(Array, true)
#4 [internal function]: yii\log\Logger->flush(true)
#5 {main}
2016-01-03 20:36:37 [127.0.0.1][-][-][info][application] $_COOKIE = [
    'pgv_pvi' => '5805983744'
    'CKFinder_Path' => 'Images:/:1'
    'vjuids' => '-55d53347f.150d5a1378b.0.ee53581f'
    'bdshare_firstime' => '1446790037236'
    'Hm_lvt_324368ef52596457d064ca5db8c6618e' => '1447029557'
    '_ga' => 'GA1.2.1680509199.1447029557'
    'Hm_lvt_080dabacb001ad3dc8b9b9049b36d43b' => '1447073664'
    '__gads' => 'ID=2dd5c3e5d5ea2c15:T=1447073620:S=ALNI_MYj2yIiDX6zJx8142G7TEP3WB86eA'
    'vjlast' => '1446693124.1447073664.11'
    'lastvisit' => '1447632599939'
    'Hm_lvt_afb625f73f5cdb2df77e65fce01cdb9d' => '1447816802'
    'CNZZDATA4782199' => 'cnzz_eid=997361507-1447812949-&ntime=1447812949'
    'Hm_lvt_7fe4ae9e1d0d01bcf748d066979cd2aa' => '1448283100'
    'CNZZDATA1254714237' => '2041149388-1448185007-http%3A%2F%2Fwww.day8.com%2F|1448670322'
    'Hm_lvt_d799c65d200835b98ecf7760c758bc5d' => '1448411685,1448501366,1448588535,1448670618'
    '8g71_2132_saltkey' => 's663hzxQ'
    '8g71_2132_lastvisit' => '1450682866'
    'ECS' => [
        'username' => '宏甜歌'
        'visit_times' => '40'
    ]
    'PHPSESSID' => 'tp5a3j0tdqkr9b790hahfg2it3'
    '_csrf' => '613f6c5bd5ed5d910be6e29646d82d5fec5f4c628ae06fed0de1e65e4e291621a:2:{i:0;s:5:\"_csrf\";i:1;s:32:\"eiVxN_lkMXcW2aVP_NCSzPd9I528q2-t\";}'
]

$_SERVER = [
    'HTTP_HOST' => 'www.day8.com'
    'HTTP_CONNECTION' => 'keep-alive'
    'HTTP_ACCEPT' => 'text/html,application/xhtml+xml,application/xml;q=0.9,image/webp,*/*;q=0.8'
    'HTTP_USER_AGENT' => 'Mozilla/5.0 (Windows NT 6.1; WOW64) AppleWebKit/537.36 (KHTML, like Gecko) Chrome/36.0.1985.125 Safari/537.36'
    'HTTP_REFERER' => 'http://www.day8.com/advanced/frontend/'
    'HTTP_ACCEPT_ENCODING' => 'gzip,deflate,sdch'
    'HTTP_ACCEPT_LANGUAGE' => 'zh-CN,zh;q=0.8'
    'HTTP_COOKIE' => 'pgv_pvi=5805983744; CKFinder_Path=Images%3A%2F%3A1; vjuids=-55d53347f.150d5a1378b.0.ee53581f; bdshare_firstime=1446790037236; Hm_lvt_324368ef52596457d064ca5db8c6618e=1447029557; _ga=GA1.2.1680509199.1447029557; Hm_lvt_080dabacb001ad3dc8b9b9049b36d43b=1447073664; __gads=ID=2dd5c3e5d5ea2c15:T=1447073620:S=ALNI_MYj2yIiDX6zJx8142G7TEP3WB86eA; vjlast=1446693124.1447073664.11; lastvisit=1447632599939; Hm_lvt_afb625f73f5cdb2df77e65fce01cdb9d=1447816802; CNZZDATA4782199=cnzz_eid%3D997361507-1447812949-%26ntime%3D1447812949; Hm_lvt_7fe4ae9e1d0d01bcf748d066979cd2aa=1448283100; CNZZDATA1254714237=2041149388-1448185007-http%253A%252F%252Fwww.day8.com%252F%7C1448670322; Hm_lvt_d799c65d200835b98ecf7760c758bc5d=1448411685,1448501366,1448588535,1448670618; 8g71_2132_saltkey=s663hzxQ; 8g71_2132_lastvisit=1450682866; ECS[username]=%E5%AE%8F%E7%94%9C%E6%AD%8C; ECS[visit_times]=40; PHPSESSID=tp5a3j0tdqkr9b790hahfg2it3; _csrf=613f6c5bd5ed5d910be6e29646d82d5fec5f4c628ae06fed0de1e65e4e291621a%3A2%3A%7Bi%3A0%3Bs%3A5%3A%22_csrf%22%3Bi%3A1%3Bs%3A32%3A%22eiVxN_lkMXcW2aVP_NCSzPd9I528q2-t%22%3B%7D'
    'PATH' => 'C:\\Windows\\system32;C:\\Windows;C:\\Windows\\System32\\Wbem;C:\\Windows\\System32\\WindowsPowerShell\\v1.0\\;D:\\wamp\\mysqldata\\bin;D:\\wamp\\mysql\\bin;C:\\Program Files\\TortoiseSVN\\bin;E:\\Composer\\UPUPW_AP5.6_64\\PHP5;C:\\ProgramData\\ComposerSetup\\bin;'
    'SystemRoot' => 'C:\\Windows'
    'COMSPEC' => 'C:\\Windows\\system32\\cmd.exe'
    'PATHEXT' => '.COM;.EXE;.BAT;.CMD;.VBS;.VBE;.JS;.JSE;.WSF;.WSH;.MSC'
    'WINDIR' => 'C:\\Windows'
    'SERVER_SIGNATURE' => '<address>Apache/2.4.17 Server at www.day8.com Port 80</address>
'
    'SERVER_SOFTWARE' => 'Apache/2.4.17'
    'SERVER_NAME' => 'www.day8.com'
    'SERVER_ADDR' => '127.0.0.1'
    'SERVER_PORT' => '80'
    'REMOTE_ADDR' => '127.0.0.1'
    'DOCUMENT_ROOT' => 'D:/day8'
    'REQUEST_SCHEME' => 'http'
    'CONTEXT_PREFIX' => ''
    'CONTEXT_DOCUMENT_ROOT' => 'D:/day8'
    'SERVER_ADMIN' => 'webmaster@www.day8.com'
    'SCRIPT_FILENAME' => 'D:/day8/advanced/frontend/web/index.php'
    'REMOTE_PORT' => '58978'
    'GATEWAY_INTERFACE' => 'CGI/1.1'
    'SERVER_PROTOCOL' => 'HTTP/1.1'
    'REQUEST_METHOD' => 'GET'
    'QUERY_STRING' => ''
    'REQUEST_URI' => '/advanced/frontend/web/'
    'SCRIPT_NAME' => '/advanced/frontend/web/index.php'
    'PHP_SELF' => '/advanced/frontend/web/index.php'
    'REQUEST_TIME_FLOAT' => 1451824597.645
    'REQUEST_TIME' => 1451824597
]
2016-01-03 20:38:21 [127.0.0.1][-][-][error][yii\base\InvalidParamException] exception 'yii\base\InvalidParamException' with message 'The file or directory to be published does not exist: D:\day8\month9\rikao2\vendor\yiisoft\yii2/assets' in D:\day8\advanced\vendor\yiisoft\yii2\web\AssetManager.php:452
Stack trace:
#0 D:\day8\advanced\vendor\yiisoft\yii2\web\AssetBundle.php(163): yii\web\AssetManager->publish('D:\\day8\\month9\\...', Array)
#1 D:\day8\advanced\vendor\yiisoft\yii2\web\AssetManager.php(266): yii\web\AssetBundle->publish(Object(yii\web\AssetManager))
#2 D:\day8\advanced\vendor\yiisoft\yii2\web\AssetManager.php(237): yii\web\AssetManager->loadBundle('yii\\web\\YiiAsse...', Array, true)
#3 D:\day8\advanced\vendor\yiisoft\yii2\web\View.php(284): yii\web\AssetManager->getBundle('yii\\web\\YiiAsse...')
#4 D:\day8\advanced\vendor\yiisoft\yii2\web\View.php(289): yii\web\View->registerAssetBundle('yii\\web\\YiiAsse...', NULL)
#5 D:\day8\advanced\vendor\yiisoft\yii2\web\AssetBundle.php(119): yii\web\View->registerAssetBundle('frontend\\assets...')
#6 D:\day8\advanced\frontend\views\layouts\main.php(13): yii\web\AssetBundle::register(Object(yii\web\View))
#7 D:\day8\advanced\vendor\yiisoft\yii2\base\View.php(325): require('D:\\day8\\advance...')
#8 D:\day8\advanced\vendor\yiisoft\yii2\base\View.php(247): yii\base\View->renderPhpFile('D:\\day8\\advance...', Array)
#9 D:\day8\advanced\vendor\yiisoft\yii2\base\Controller.php(386): yii\base\View->renderFile('D:\\day8\\advance...', Array, Object(frontend\controllers\SiteController))
#10 D:\day8\advanced\vendor\yiisoft\yii2\base\Controller.php(372): yii\base\Controller->renderContent('<div class="sit...')
#11 D:\day8\advanced\frontend\controllers\SiteController.php(75): yii\base\Controller->render('index')
#12 [internal function]: frontend\controllers\SiteController->actionIndex()
#13 D:\day8\advanced\vendor\yiisoft\yii2\base\InlineAction.php(55): call_user_func_array(Array, Array)
#14 D:\day8\advanced\vendor\yiisoft\yii2\base\Controller.php(151): yii\base\InlineAction->runWithParams(Array)
#15 D:\day8\advanced\vendor\yiisoft\yii2\base\Module.php(455): yii\base\Controller->runAction('', Array)
#16 D:\day8\advanced\vendor\yiisoft\yii2\web\Application.php(84): yii\base\Module->runAction('', Array)
#17 D:\day8\advanced\vendor\yiisoft\yii2\base\Application.php(375): yii\web\Application->handleRequest(Object(yii\web\Request))
#18 D:\day8\advanced\frontend\web\index.php(18): yii\base\Application->run()
#19 {main}
2016-01-03 20:38:21 [127.0.0.1][-][-][info][application] $_COOKIE = [
    'pgv_pvi' => '5805983744'
    'CKFinder_Path' => 'Images:/:1'
    'vjuids' => '-55d53347f.150d5a1378b.0.ee53581f'
    'bdshare_firstime' => '1446790037236'
    'Hm_lvt_324368ef52596457d064ca5db8c6618e' => '1447029557'
    '_ga' => 'GA1.2.1680509199.1447029557'
    'Hm_lvt_080dabacb001ad3dc8b9b9049b36d43b' => '1447073664'
    '__gads' => 'ID=2dd5c3e5d5ea2c15:T=1447073620:S=ALNI_MYj2yIiDX6zJx8142G7TEP3WB86eA'
    'vjlast' => '1446693124.1447073664.11'
    'lastvisit' => '1447632599939'
    'Hm_lvt_afb625f73f5cdb2df77e65fce01cdb9d' => '1447816802'
    'CNZZDATA4782199' => 'cnzz_eid=997361507-1447812949-&ntime=1447812949'
    'Hm_lvt_7fe4ae9e1d0d01bcf748d066979cd2aa' => '1448283100'
    'CNZZDATA1254714237' => '2041149388-1448185007-http%3A%2F%2Fwww.day8.com%2F|1448670322'
    'Hm_lvt_d799c65d200835b98ecf7760c758bc5d' => '1448411685,1448501366,1448588535,1448670618'
    '8g71_2132_saltkey' => 's663hzxQ'
    '8g71_2132_lastvisit' => '1450682866'
    'ECS' => [
        'username' => '宏甜歌'
        'visit_times' => '40'
    ]
    'PHPSESSID' => 'tp5a3j0tdqkr9b790hahfg2it3'
    '_csrf' => '613f6c5bd5ed5d910be6e29646d82d5fec5f4c628ae06fed0de1e65e4e291621a:2:{i:0;s:5:\"_csrf\";i:1;s:32:\"eiVxN_lkMXcW2aVP_NCSzPd9I528q2-t\";}'
]

$_SERVER = [
    'HTTP_HOST' => 'www.day8.com'
    'HTTP_CONNECTION' => 'keep-alive'
    'HTTP_ACCEPT' => 'text/html,application/xhtml+xml,application/xml;q=0.9,image/webp,*/*;q=0.8'
    'HTTP_USER_AGENT' => 'Mozilla/5.0 (Windows NT 6.1; WOW64) AppleWebKit/537.36 (KHTML, like Gecko) Chrome/36.0.1985.125 Safari/537.36'
    'HTTP_REFERER' => 'http://www.day8.com/advanced/frontend/'
    'HTTP_ACCEPT_ENCODING' => 'gzip,deflate,sdch'
    'HTTP_ACCEPT_LANGUAGE' => 'zh-CN,zh;q=0.8'
    'HTTP_COOKIE' => 'pgv_pvi=5805983744; CKFinder_Path=Images%3A%2F%3A1; vjuids=-55d53347f.150d5a1378b.0.ee53581f; bdshare_firstime=1446790037236; Hm_lvt_324368ef52596457d064ca5db8c6618e=1447029557; _ga=GA1.2.1680509199.1447029557; Hm_lvt_080dabacb001ad3dc8b9b9049b36d43b=1447073664; __gads=ID=2dd5c3e5d5ea2c15:T=1447073620:S=ALNI_MYj2yIiDX6zJx8142G7TEP3WB86eA; vjlast=1446693124.1447073664.11; lastvisit=1447632599939; Hm_lvt_afb625f73f5cdb2df77e65fce01cdb9d=1447816802; CNZZDATA4782199=cnzz_eid%3D997361507-1447812949-%26ntime%3D1447812949; Hm_lvt_7fe4ae9e1d0d01bcf748d066979cd2aa=1448283100; CNZZDATA1254714237=2041149388-1448185007-http%253A%252F%252Fwww.day8.com%252F%7C1448670322; Hm_lvt_d799c65d200835b98ecf7760c758bc5d=1448411685,1448501366,1448588535,1448670618; 8g71_2132_saltkey=s663hzxQ; 8g71_2132_lastvisit=1450682866; ECS[username]=%E5%AE%8F%E7%94%9C%E6%AD%8C; ECS[visit_times]=40; PHPSESSID=tp5a3j0tdqkr9b790hahfg2it3; _csrf=613f6c5bd5ed5d910be6e29646d82d5fec5f4c628ae06fed0de1e65e4e291621a%3A2%3A%7Bi%3A0%3Bs%3A5%3A%22_csrf%22%3Bi%3A1%3Bs%3A32%3A%22eiVxN_lkMXcW2aVP_NCSzPd9I528q2-t%22%3B%7D'
    'PATH' => 'C:\\Windows\\system32;C:\\Windows;C:\\Windows\\System32\\Wbem;C:\\Windows\\System32\\WindowsPowerShell\\v1.0\\;D:\\wamp\\mysqldata\\bin;D:\\wamp\\mysql\\bin;C:\\Program Files\\TortoiseSVN\\bin;E:\\Composer\\UPUPW_AP5.6_64\\PHP5;C:\\ProgramData\\ComposerSetup\\bin;'
    'SystemRoot' => 'C:\\Windows'
    'COMSPEC' => 'C:\\Windows\\system32\\cmd.exe'
    'PATHEXT' => '.COM;.EXE;.BAT;.CMD;.VBS;.VBE;.JS;.JSE;.WSF;.WSH;.MSC'
    'WINDIR' => 'C:\\Windows'
    'SERVER_SIGNATURE' => '<address>Apache/2.4.17 Server at www.day8.com Port 80</address>
'
    'SERVER_SOFTWARE' => 'Apache/2.4.17'
    'SERVER_NAME' => 'www.day8.com'
    'SERVER_ADDR' => '127.0.0.1'
    'SERVER_PORT' => '80'
    'REMOTE_ADDR' => '127.0.0.1'
    'DOCUMENT_ROOT' => 'D:/day8'
    'REQUEST_SCHEME' => 'http'
    'CONTEXT_PREFIX' => ''
    'CONTEXT_DOCUMENT_ROOT' => 'D:/day8'
    'SERVER_ADMIN' => 'webmaster@www.day8.com'
    'SCRIPT_FILENAME' => 'D:/day8/advanced/frontend/web/index.php'
    'REMOTE_PORT' => '59006'
    'GATEWAY_INTERFACE' => 'CGI/1.1'
    'SERVER_PROTOCOL' => 'HTTP/1.1'
    'REQUEST_METHOD' => 'GET'
    'QUERY_STRING' => ''
    'REQUEST_URI' => '/advanced/frontend/web/'
    'SCRIPT_NAME' => '/advanced/frontend/web/index.php'
    'PHP_SELF' => '/advanced/frontend/web/index.php'
    'REQUEST_TIME_FLOAT' => 1451824701.055
    'REQUEST_TIME' => 1451824701
]
2016-01-03 20:38:21 [127.0.0.1][-][-][warning][yii\log\Dispatcher::dispatch] Unable to send log via yii\debug\LogTarget: Exception 'Exception' with message 'Serialization of 'Closure' is not allowed' 

in D:\day8\advanced\vendor\yiisoft\yii2-debug\LogTarget.php:58

Stack trace:
#0 D:\day8\advanced\vendor\yiisoft\yii2-debug\LogTarget.php(58): serialize(Array)
#1 D:\day8\advanced\vendor\yiisoft\yii2-debug\LogTarget.php(112): yii\debug\LogTarget->export(Array)
#2 D:\day8\advanced\vendor\yiisoft\yii2\log\Dispatcher.php(183): yii\debug\LogTarget->collect(Array, true)
#3 D:\day8\advanced\vendor\yiisoft\yii2\log\Logger.php(173): yii\log\Dispatcher->dispatch(Array, true)
#4 [internal function]: yii\log\Logger->flush(true)
#5 {main}
2016-01-03 20:38:21 [127.0.0.1][-][-][info][application] $_COOKIE = [
    'pgv_pvi' => '5805983744'
    'CKFinder_Path' => 'Images:/:1'
    'vjuids' => '-55d53347f.150d5a1378b.0.ee53581f'
    'bdshare_firstime' => '1446790037236'
    'Hm_lvt_324368ef52596457d064ca5db8c6618e' => '1447029557'
    '_ga' => 'GA1.2.1680509199.1447029557'
    'Hm_lvt_080dabacb001ad3dc8b9b9049b36d43b' => '1447073664'
    '__gads' => 'ID=2dd5c3e5d5ea2c15:T=1447073620:S=ALNI_MYj2yIiDX6zJx8142G7TEP3WB86eA'
    'vjlast' => '1446693124.1447073664.11'
    'lastvisit' => '1447632599939'
    'Hm_lvt_afb625f73f5cdb2df77e65fce01cdb9d' => '1447816802'
    'CNZZDATA4782199' => 'cnzz_eid=997361507-1447812949-&ntime=1447812949'
    'Hm_lvt_7fe4ae9e1d0d01bcf748d066979cd2aa' => '1448283100'
    'CNZZDATA1254714237' => '2041149388-1448185007-http%3A%2F%2Fwww.day8.com%2F|1448670322'
    'Hm_lvt_d799c65d200835b98ecf7760c758bc5d' => '1448411685,1448501366,1448588535,1448670618'
    '8g71_2132_saltkey' => 's663hzxQ'
    '8g71_2132_lastvisit' => '1450682866'
    'ECS' => [
        'username' => '宏甜歌'
        'visit_times' => '40'
    ]
    'PHPSESSID' => 'tp5a3j0tdqkr9b790hahfg2it3'
    '_csrf' => '613f6c5bd5ed5d910be6e29646d82d5fec5f4c628ae06fed0de1e65e4e291621a:2:{i:0;s:5:\"_csrf\";i:1;s:32:\"eiVxN_lkMXcW2aVP_NCSzPd9I528q2-t\";}'
]

$_SERVER = [
    'HTTP_HOST' => 'www.day8.com'
    'HTTP_CONNECTION' => 'keep-alive'
    'HTTP_ACCEPT' => 'text/html,application/xhtml+xml,application/xml;q=0.9,image/webp,*/*;q=0.8'
    'HTTP_USER_AGENT' => 'Mozilla/5.0 (Windows NT 6.1; WOW64) AppleWebKit/537.36 (KHTML, like Gecko) Chrome/36.0.1985.125 Safari/537.36'
    'HTTP_REFERER' => 'http://www.day8.com/advanced/frontend/'
    'HTTP_ACCEPT_ENCODING' => 'gzip,deflate,sdch'
    'HTTP_ACCEPT_LANGUAGE' => 'zh-CN,zh;q=0.8'
    'HTTP_COOKIE' => 'pgv_pvi=5805983744; CKFinder_Path=Images%3A%2F%3A1; vjuids=-55d53347f.150d5a1378b.0.ee53581f; bdshare_firstime=1446790037236; Hm_lvt_324368ef52596457d064ca5db8c6618e=1447029557; _ga=GA1.2.1680509199.1447029557; Hm_lvt_080dabacb001ad3dc8b9b9049b36d43b=1447073664; __gads=ID=2dd5c3e5d5ea2c15:T=1447073620:S=ALNI_MYj2yIiDX6zJx8142G7TEP3WB86eA; vjlast=1446693124.1447073664.11; lastvisit=1447632599939; Hm_lvt_afb625f73f5cdb2df77e65fce01cdb9d=1447816802; CNZZDATA4782199=cnzz_eid%3D997361507-1447812949-%26ntime%3D1447812949; Hm_lvt_7fe4ae9e1d0d01bcf748d066979cd2aa=1448283100; CNZZDATA1254714237=2041149388-1448185007-http%253A%252F%252Fwww.day8.com%252F%7C1448670322; Hm_lvt_d799c65d200835b98ecf7760c758bc5d=1448411685,1448501366,1448588535,1448670618; 8g71_2132_saltkey=s663hzxQ; 8g71_2132_lastvisit=1450682866; ECS[username]=%E5%AE%8F%E7%94%9C%E6%AD%8C; ECS[visit_times]=40; PHPSESSID=tp5a3j0tdqkr9b790hahfg2it3; _csrf=613f6c5bd5ed5d910be6e29646d82d5fec5f4c628ae06fed0de1e65e4e291621a%3A2%3A%7Bi%3A0%3Bs%3A5%3A%22_csrf%22%3Bi%3A1%3Bs%3A32%3A%22eiVxN_lkMXcW2aVP_NCSzPd9I528q2-t%22%3B%7D'
    'PATH' => 'C:\\Windows\\system32;C:\\Windows;C:\\Windows\\System32\\Wbem;C:\\Windows\\System32\\WindowsPowerShell\\v1.0\\;D:\\wamp\\mysqldata\\bin;D:\\wamp\\mysql\\bin;C:\\Program Files\\TortoiseSVN\\bin;E:\\Composer\\UPUPW_AP5.6_64\\PHP5;C:\\ProgramData\\ComposerSetup\\bin;'
    'SystemRoot' => 'C:\\Windows'
    'COMSPEC' => 'C:\\Windows\\system32\\cmd.exe'
    'PATHEXT' => '.COM;.EXE;.BAT;.CMD;.VBS;.VBE;.JS;.JSE;.WSF;.WSH;.MSC'
    'WINDIR' => 'C:\\Windows'
    'SERVER_SIGNATURE' => '<address>Apache/2.4.17 Server at www.day8.com Port 80</address>
'
    'SERVER_SOFTWARE' => 'Apache/2.4.17'
    'SERVER_NAME' => 'www.day8.com'
    'SERVER_ADDR' => '127.0.0.1'
    'SERVER_PORT' => '80'
    'REMOTE_ADDR' => '127.0.0.1'
    'DOCUMENT_ROOT' => 'D:/day8'
    'REQUEST_SCHEME' => 'http'
    'CONTEXT_PREFIX' => ''
    'CONTEXT_DOCUMENT_ROOT' => 'D:/day8'
    'SERVER_ADMIN' => 'webmaster@www.day8.com'
    'SCRIPT_FILENAME' => 'D:/day8/advanced/frontend/web/index.php'
    'REMOTE_PORT' => '59006'
    'GATEWAY_INTERFACE' => 'CGI/1.1'
    'SERVER_PROTOCOL' => 'HTTP/1.1'
    'REQUEST_METHOD' => 'GET'
    'QUERY_STRING' => ''
    'REQUEST_URI' => '/advanced/frontend/web/'
    'SCRIPT_NAME' => '/advanced/frontend/web/index.php'
    'PHP_SELF' => '/advanced/frontend/web/index.php'
    'REQUEST_TIME_FLOAT' => 1451824701.055
    'REQUEST_TIME' => 1451824701
]
2016-01-03 20:42:16 [127.0.0.1][-][-][error][yii\base\InvalidParamException] exception 'yii\base\InvalidParamException' with message 'The file or directory to be published does not exist: D:\day8\month9\rikao2\vendor\yiisoft\yii2/assets' in D:\day8\advanced\vendor\yiisoft\yii2\web\AssetManager.php:452
Stack trace:
#0 D:\day8\advanced\vendor\yiisoft\yii2\web\AssetBundle.php(163): yii\web\AssetManager->publish('D:\\day8\\month9\\...', Array)
#1 D:\day8\advanced\vendor\yiisoft\yii2\web\AssetManager.php(266): yii\web\AssetBundle->publish(Object(yii\web\AssetManager))
#2 D:\day8\advanced\vendor\yiisoft\yii2\web\AssetManager.php(237): yii\web\AssetManager->loadBundle('yii\\web\\YiiAsse...', Array, true)
#3 D:\day8\advanced\vendor\yiisoft\yii2\web\View.php(284): yii\web\AssetManager->getBundle('yii\\web\\YiiAsse...')
#4 D:\day8\advanced\vendor\yiisoft\yii2\web\View.php(289): yii\web\View->registerAssetBundle('yii\\web\\YiiAsse...', NULL)
#5 D:\day8\advanced\vendor\yiisoft\yii2\web\AssetBundle.php(119): yii\web\View->registerAssetBundle('frontend\\assets...')
#6 D:\day8\advanced\frontend\views\layouts\main.php(13): yii\web\AssetBundle::register(Object(yii\web\View))
#7 D:\day8\advanced\vendor\yiisoft\yii2\base\View.php(325): require('D:\\day8\\advance...')
#8 D:\day8\advanced\vendor\yiisoft\yii2\base\View.php(247): yii\base\View->renderPhpFile('D:\\day8\\advance...', Array)
#9 D:\day8\advanced\vendor\yiisoft\yii2\base\Controller.php(386): yii\base\View->renderFile('D:\\day8\\advance...', Array, Object(frontend\controllers\SiteController))
#10 D:\day8\advanced\vendor\yiisoft\yii2\base\Controller.php(372): yii\base\Controller->renderContent('<div class="sit...')
#11 D:\day8\advanced\frontend\controllers\SiteController.php(75): yii\base\Controller->render('index')
#12 [internal function]: frontend\controllers\SiteController->actionIndex()
#13 D:\day8\advanced\vendor\yiisoft\yii2\base\InlineAction.php(55): call_user_func_array(Array, Array)
#14 D:\day8\advanced\vendor\yiisoft\yii2\base\Controller.php(151): yii\base\InlineAction->runWithParams(Array)
#15 D:\day8\advanced\vendor\yiisoft\yii2\base\Module.php(455): yii\base\Controller->runAction('', Array)
#16 D:\day8\advanced\vendor\yiisoft\yii2\web\Application.php(84): yii\base\Module->runAction('', Array)
#17 D:\day8\advanced\vendor\yiisoft\yii2\base\Application.php(375): yii\web\Application->handleRequest(Object(yii\web\Request))
#18 D:\day8\advanced\frontend\web\index.php(18): yii\base\Application->run()
#19 {main}
2016-01-03 20:42:16 [127.0.0.1][-][-][info][application] $_COOKIE = [
    'pgv_pvi' => '5805983744'
    'CKFinder_Path' => 'Images:/:1'
    'vjuids' => '-55d53347f.150d5a1378b.0.ee53581f'
    'bdshare_firstime' => '1446790037236'
    'Hm_lvt_324368ef52596457d064ca5db8c6618e' => '1447029557'
    '_ga' => 'GA1.2.1680509199.1447029557'
    'Hm_lvt_080dabacb001ad3dc8b9b9049b36d43b' => '1447073664'
    '__gads' => 'ID=2dd5c3e5d5ea2c15:T=1447073620:S=ALNI_MYj2yIiDX6zJx8142G7TEP3WB86eA'
    'vjlast' => '1446693124.1447073664.11'
    'lastvisit' => '1447632599939'
    'Hm_lvt_afb625f73f5cdb2df77e65fce01cdb9d' => '1447816802'
    'CNZZDATA4782199' => 'cnzz_eid=997361507-1447812949-&ntime=1447812949'
    'Hm_lvt_7fe4ae9e1d0d01bcf748d066979cd2aa' => '1448283100'
    'CNZZDATA1254714237' => '2041149388-1448185007-http%3A%2F%2Fwww.day8.com%2F|1448670322'
    'Hm_lvt_d799c65d200835b98ecf7760c758bc5d' => '1448411685,1448501366,1448588535,1448670618'
    '8g71_2132_saltkey' => 's663hzxQ'
    '8g71_2132_lastvisit' => '1450682866'
    'ECS' => [
        'username' => '宏甜歌'
        'visit_times' => '40'
    ]
    'PHPSESSID' => 'tp5a3j0tdqkr9b790hahfg2it3'
    '_csrf' => '613f6c5bd5ed5d910be6e29646d82d5fec5f4c628ae06fed0de1e65e4e291621a:2:{i:0;s:5:\"_csrf\";i:1;s:32:\"eiVxN_lkMXcW2aVP_NCSzPd9I528q2-t\";}'
]

$_SERVER = [
    'HTTP_HOST' => 'www.day8.com'
    'HTTP_CONNECTION' => 'keep-alive'
    'HTTP_ACCEPT' => 'text/html,application/xhtml+xml,application/xml;q=0.9,image/webp,*/*;q=0.8'
    'HTTP_USER_AGENT' => 'Mozilla/5.0 (Windows NT 6.1; WOW64) AppleWebKit/537.36 (KHTML, like Gecko) Chrome/36.0.1985.125 Safari/537.36'
    'HTTP_REFERER' => 'http://www.day8.com/advanced/frontend/'
    'HTTP_ACCEPT_ENCODING' => 'gzip,deflate,sdch'
    'HTTP_ACCEPT_LANGUAGE' => 'zh-CN,zh;q=0.8'
    'HTTP_COOKIE' => 'pgv_pvi=5805983744; CKFinder_Path=Images%3A%2F%3A1; vjuids=-55d53347f.150d5a1378b.0.ee53581f; bdshare_firstime=1446790037236; Hm_lvt_324368ef52596457d064ca5db8c6618e=1447029557; _ga=GA1.2.1680509199.1447029557; Hm_lvt_080dabacb001ad3dc8b9b9049b36d43b=1447073664; __gads=ID=2dd5c3e5d5ea2c15:T=1447073620:S=ALNI_MYj2yIiDX6zJx8142G7TEP3WB86eA; vjlast=1446693124.1447073664.11; lastvisit=1447632599939; Hm_lvt_afb625f73f5cdb2df77e65fce01cdb9d=1447816802; CNZZDATA4782199=cnzz_eid%3D997361507-1447812949-%26ntime%3D1447812949; Hm_lvt_7fe4ae9e1d0d01bcf748d066979cd2aa=1448283100; CNZZDATA1254714237=2041149388-1448185007-http%253A%252F%252Fwww.day8.com%252F%7C1448670322; Hm_lvt_d799c65d200835b98ecf7760c758bc5d=1448411685,1448501366,1448588535,1448670618; 8g71_2132_saltkey=s663hzxQ; 8g71_2132_lastvisit=1450682866; ECS[username]=%E5%AE%8F%E7%94%9C%E6%AD%8C; ECS[visit_times]=40; PHPSESSID=tp5a3j0tdqkr9b790hahfg2it3; _csrf=613f6c5bd5ed5d910be6e29646d82d5fec5f4c628ae06fed0de1e65e4e291621a%3A2%3A%7Bi%3A0%3Bs%3A5%3A%22_csrf%22%3Bi%3A1%3Bs%3A32%3A%22eiVxN_lkMXcW2aVP_NCSzPd9I528q2-t%22%3B%7D'
    'PATH' => 'C:\\Windows\\system32;C:\\Windows;C:\\Windows\\System32\\Wbem;C:\\Windows\\System32\\WindowsPowerShell\\v1.0\\;D:\\wamp\\mysqldata\\bin;D:\\wamp\\mysql\\bin;C:\\Program Files\\TortoiseSVN\\bin;E:\\Composer\\UPUPW_AP5.6_64\\PHP5;C:\\ProgramData\\ComposerSetup\\bin;'
    'SystemRoot' => 'C:\\Windows'
    'COMSPEC' => 'C:\\Windows\\system32\\cmd.exe'
    'PATHEXT' => '.COM;.EXE;.BAT;.CMD;.VBS;.VBE;.JS;.JSE;.WSF;.WSH;.MSC'
    'WINDIR' => 'C:\\Windows'
    'SERVER_SIGNATURE' => '<address>Apache/2.4.17 Server at www.day8.com Port 80</address>
'
    'SERVER_SOFTWARE' => 'Apache/2.4.17'
    'SERVER_NAME' => 'www.day8.com'
    'SERVER_ADDR' => '127.0.0.1'
    'SERVER_PORT' => '80'
    'REMOTE_ADDR' => '127.0.0.1'
    'DOCUMENT_ROOT' => 'D:/day8'
    'REQUEST_SCHEME' => 'http'
    'CONTEXT_PREFIX' => ''
    'CONTEXT_DOCUMENT_ROOT' => 'D:/day8'
    'SERVER_ADMIN' => 'webmaster@www.day8.com'
    'SCRIPT_FILENAME' => 'D:/day8/advanced/frontend/web/index.php'
    'REMOTE_PORT' => '59116'
    'GATEWAY_INTERFACE' => 'CGI/1.1'
    'SERVER_PROTOCOL' => 'HTTP/1.1'
    'REQUEST_METHOD' => 'GET'
    'QUERY_STRING' => ''
    'REQUEST_URI' => '/advanced/frontend/web/'
    'SCRIPT_NAME' => '/advanced/frontend/web/index.php'
    'PHP_SELF' => '/advanced/frontend/web/index.php'
    'REQUEST_TIME_FLOAT' => 1451824936.626
    'REQUEST_TIME' => 1451824936
]
2016-01-03 20:42:16 [127.0.0.1][-][-][warning][yii\log\Dispatcher::dispatch] Unable to send log via yii\debug\LogTarget: Exception 'Exception' with message 'Serialization of 'Closure' is not allowed' 

in D:\day8\advanced\vendor\yiisoft\yii2-debug\LogTarget.php:58

Stack trace:
#0 D:\day8\advanced\vendor\yiisoft\yii2-debug\LogTarget.php(58): serialize(Array)
#1 D:\day8\advanced\vendor\yiisoft\yii2-debug\LogTarget.php(112): yii\debug\LogTarget->export(Array)
#2 D:\day8\advanced\vendor\yiisoft\yii2\log\Dispatcher.php(183): yii\debug\LogTarget->collect(Array, true)
#3 D:\day8\advanced\vendor\yiisoft\yii2\log\Logger.php(173): yii\log\Dispatcher->dispatch(Array, true)
#4 [internal function]: yii\log\Logger->flush(true)
#5 {main}
2016-01-03 20:42:16 [127.0.0.1][-][-][info][application] $_COOKIE = [
    'pgv_pvi' => '5805983744'
    'CKFinder_Path' => 'Images:/:1'
    'vjuids' => '-55d53347f.150d5a1378b.0.ee53581f'
    'bdshare_firstime' => '1446790037236'
    'Hm_lvt_324368ef52596457d064ca5db8c6618e' => '1447029557'
    '_ga' => 'GA1.2.1680509199.1447029557'
    'Hm_lvt_080dabacb001ad3dc8b9b9049b36d43b' => '1447073664'
    '__gads' => 'ID=2dd5c3e5d5ea2c15:T=1447073620:S=ALNI_MYj2yIiDX6zJx8142G7TEP3WB86eA'
    'vjlast' => '1446693124.1447073664.11'
    'lastvisit' => '1447632599939'
    'Hm_lvt_afb625f73f5cdb2df77e65fce01cdb9d' => '1447816802'
    'CNZZDATA4782199' => 'cnzz_eid=997361507-1447812949-&ntime=1447812949'
    'Hm_lvt_7fe4ae9e1d0d01bcf748d066979cd2aa' => '1448283100'
    'CNZZDATA1254714237' => '2041149388-1448185007-http%3A%2F%2Fwww.day8.com%2F|1448670322'
    'Hm_lvt_d799c65d200835b98ecf7760c758bc5d' => '1448411685,1448501366,1448588535,1448670618'
    '8g71_2132_saltkey' => 's663hzxQ'
    '8g71_2132_lastvisit' => '1450682866'
    'ECS' => [
        'username' => '宏甜歌'
        'visit_times' => '40'
    ]
    'PHPSESSID' => 'tp5a3j0tdqkr9b790hahfg2it3'
    '_csrf' => '613f6c5bd5ed5d910be6e29646d82d5fec5f4c628ae06fed0de1e65e4e291621a:2:{i:0;s:5:\"_csrf\";i:1;s:32:\"eiVxN_lkMXcW2aVP_NCSzPd9I528q2-t\";}'
]

$_SERVER = [
    'HTTP_HOST' => 'www.day8.com'
    'HTTP_CONNECTION' => 'keep-alive'
    'HTTP_ACCEPT' => 'text/html,application/xhtml+xml,application/xml;q=0.9,image/webp,*/*;q=0.8'
    'HTTP_USER_AGENT' => 'Mozilla/5.0 (Windows NT 6.1; WOW64) AppleWebKit/537.36 (KHTML, like Gecko) Chrome/36.0.1985.125 Safari/537.36'
    'HTTP_REFERER' => 'http://www.day8.com/advanced/frontend/'
    'HTTP_ACCEPT_ENCODING' => 'gzip,deflate,sdch'
    'HTTP_ACCEPT_LANGUAGE' => 'zh-CN,zh;q=0.8'
    'HTTP_COOKIE' => 'pgv_pvi=5805983744; CKFinder_Path=Images%3A%2F%3A1; vjuids=-55d53347f.150d5a1378b.0.ee53581f; bdshare_firstime=1446790037236; Hm_lvt_324368ef52596457d064ca5db8c6618e=1447029557; _ga=GA1.2.1680509199.1447029557; Hm_lvt_080dabacb001ad3dc8b9b9049b36d43b=1447073664; __gads=ID=2dd5c3e5d5ea2c15:T=1447073620:S=ALNI_MYj2yIiDX6zJx8142G7TEP3WB86eA; vjlast=1446693124.1447073664.11; lastvisit=1447632599939; Hm_lvt_afb625f73f5cdb2df77e65fce01cdb9d=1447816802; CNZZDATA4782199=cnzz_eid%3D997361507-1447812949-%26ntime%3D1447812949; Hm_lvt_7fe4ae9e1d0d01bcf748d066979cd2aa=1448283100; CNZZDATA1254714237=2041149388-1448185007-http%253A%252F%252Fwww.day8.com%252F%7C1448670322; Hm_lvt_d799c65d200835b98ecf7760c758bc5d=1448411685,1448501366,1448588535,1448670618; 8g71_2132_saltkey=s663hzxQ; 8g71_2132_lastvisit=1450682866; ECS[username]=%E5%AE%8F%E7%94%9C%E6%AD%8C; ECS[visit_times]=40; PHPSESSID=tp5a3j0tdqkr9b790hahfg2it3; _csrf=613f6c5bd5ed5d910be6e29646d82d5fec5f4c628ae06fed0de1e65e4e291621a%3A2%3A%7Bi%3A0%3Bs%3A5%3A%22_csrf%22%3Bi%3A1%3Bs%3A32%3A%22eiVxN_lkMXcW2aVP_NCSzPd9I528q2-t%22%3B%7D'
    'PATH' => 'C:\\Windows\\system32;C:\\Windows;C:\\Windows\\System32\\Wbem;C:\\Windows\\System32\\WindowsPowerShell\\v1.0\\;D:\\wamp\\mysqldata\\bin;D:\\wamp\\mysql\\bin;C:\\Program Files\\TortoiseSVN\\bin;E:\\Composer\\UPUPW_AP5.6_64\\PHP5;C:\\ProgramData\\ComposerSetup\\bin;'
    'SystemRoot' => 'C:\\Windows'
    'COMSPEC' => 'C:\\Windows\\system32\\cmd.exe'
    'PATHEXT' => '.COM;.EXE;.BAT;.CMD;.VBS;.VBE;.JS;.JSE;.WSF;.WSH;.MSC'
    'WINDIR' => 'C:\\Windows'
    'SERVER_SIGNATURE' => '<address>Apache/2.4.17 Server at www.day8.com Port 80</address>
'
    'SERVER_SOFTWARE' => 'Apache/2.4.17'
    'SERVER_NAME' => 'www.day8.com'
    'SERVER_ADDR' => '127.0.0.1'
    'SERVER_PORT' => '80'
    'REMOTE_ADDR' => '127.0.0.1'
    'DOCUMENT_ROOT' => 'D:/day8'
    'REQUEST_SCHEME' => 'http'
    'CONTEXT_PREFIX' => ''
    'CONTEXT_DOCUMENT_ROOT' => 'D:/day8'
    'SERVER_ADMIN' => 'webmaster@www.day8.com'
    'SCRIPT_FILENAME' => 'D:/day8/advanced/frontend/web/index.php'
    'REMOTE_PORT' => '59116'
    'GATEWAY_INTERFACE' => 'CGI/1.1'
    'SERVER_PROTOCOL' => 'HTTP/1.1'
    'REQUEST_METHOD' => 'GET'
    'QUERY_STRING' => ''
    'REQUEST_URI' => '/advanced/frontend/web/'
    'SCRIPT_NAME' => '/advanced/frontend/web/index.php'
    'PHP_SELF' => '/advanced/frontend/web/index.php'
    'REQUEST_TIME_FLOAT' => 1451824936.626
    'REQUEST_TIME' => 1451824936
]
2016-01-03 20:57:05 [127.0.0.1][-][-][error][yii\base\InvalidParamException] exception 'yii\base\InvalidParamException' with message 'The file or directory to be published does not exist: D:\day8\month9\rikao2\vendor\yiisoft\yii2/assets' in D:\day8\advanced\vendor\yiisoft\yii2\web\AssetManager.php:452
Stack trace:
#0 D:\day8\advanced\vendor\yiisoft\yii2\web\AssetBundle.php(163): yii\web\AssetManager->publish('D:\\day8\\month9\\...', Array)
#1 D:\day8\advanced\vendor\yiisoft\yii2\web\AssetManager.php(266): yii\web\AssetBundle->publish(Object(yii\web\AssetManager))
#2 D:\day8\advanced\vendor\yiisoft\yii2\web\AssetManager.php(237): yii\web\AssetManager->loadBundle('yii\\web\\YiiAsse...', Array, true)
#3 D:\day8\advanced\vendor\yiisoft\yii2\web\View.php(284): yii\web\AssetManager->getBundle('yii\\web\\YiiAsse...')
#4 D:\day8\advanced\vendor\yiisoft\yii2\web\View.php(289): yii\web\View->registerAssetBundle('yii\\web\\YiiAsse...', NULL)
#5 D:\day8\advanced\vendor\yiisoft\yii2\web\AssetBundle.php(119): yii\web\View->registerAssetBundle('frontend\\assets...')
#6 D:\day8\advanced\frontend\views\layouts\main.php(13): yii\web\AssetBundle::register(Object(yii\web\View))
#7 D:\day8\advanced\vendor\yiisoft\yii2\base\View.php(325): require('D:\\day8\\advance...')
#8 D:\day8\advanced\vendor\yiisoft\yii2\base\View.php(247): yii\base\View->renderPhpFile('D:\\day8\\advance...', Array)
#9 D:\day8\advanced\vendor\yiisoft\yii2\base\Controller.php(386): yii\base\View->renderFile('D:\\day8\\advance...', Array, Object(frontend\controllers\SiteController))
#10 D:\day8\advanced\vendor\yiisoft\yii2\base\Controller.php(372): yii\base\Controller->renderContent('<div class="sit...')
#11 D:\day8\advanced\frontend\controllers\SiteController.php(75): yii\base\Controller->render('index')
#12 [internal function]: frontend\controllers\SiteController->actionIndex()
#13 D:\day8\advanced\vendor\yiisoft\yii2\base\InlineAction.php(55): call_user_func_array(Array, Array)
#14 D:\day8\advanced\vendor\yiisoft\yii2\base\Controller.php(151): yii\base\InlineAction->runWithParams(Array)
#15 D:\day8\advanced\vendor\yiisoft\yii2\base\Module.php(455): yii\base\Controller->runAction('', Array)
#16 D:\day8\advanced\vendor\yiisoft\yii2\web\Application.php(84): yii\base\Module->runAction('', Array)
#17 D:\day8\advanced\vendor\yiisoft\yii2\base\Application.php(375): yii\web\Application->handleRequest(Object(yii\web\Request))
#18 D:\day8\advanced\frontend\web\index.php(18): yii\base\Application->run()
#19 {main}
2016-01-03 20:57:04 [127.0.0.1][-][-][info][application] $_COOKIE = [
    'pgv_pvi' => '5805983744'
    'CKFinder_Path' => 'Images:/:1'
    'vjuids' => '-55d53347f.150d5a1378b.0.ee53581f'
    'bdshare_firstime' => '1446790037236'
    'Hm_lvt_324368ef52596457d064ca5db8c6618e' => '1447029557'
    '_ga' => 'GA1.2.1680509199.1447029557'
    'Hm_lvt_080dabacb001ad3dc8b9b9049b36d43b' => '1447073664'
    '__gads' => 'ID=2dd5c3e5d5ea2c15:T=1447073620:S=ALNI_MYj2yIiDX6zJx8142G7TEP3WB86eA'
    'vjlast' => '1446693124.1447073664.11'
    'lastvisit' => '1447632599939'
    'Hm_lvt_afb625f73f5cdb2df77e65fce01cdb9d' => '1447816802'
    'CNZZDATA4782199' => 'cnzz_eid=997361507-1447812949-&ntime=1447812949'
    'Hm_lvt_7fe4ae9e1d0d01bcf748d066979cd2aa' => '1448283100'
    'CNZZDATA1254714237' => '2041149388-1448185007-http%3A%2F%2Fwww.day8.com%2F|1448670322'
    'Hm_lvt_d799c65d200835b98ecf7760c758bc5d' => '1448411685,1448501366,1448588535,1448670618'
    '8g71_2132_saltkey' => 's663hzxQ'
    '8g71_2132_lastvisit' => '1450682866'
    'ECS' => [
        'username' => '宏甜歌'
        'visit_times' => '40'
    ]
    'PHPSESSID' => 'tp5a3j0tdqkr9b790hahfg2it3'
    '_csrf' => '613f6c5bd5ed5d910be6e29646d82d5fec5f4c628ae06fed0de1e65e4e291621a:2:{i:0;s:5:\"_csrf\";i:1;s:32:\"eiVxN_lkMXcW2aVP_NCSzPd9I528q2-t\";}'
]

$_SERVER = [
    'HTTP_HOST' => 'www.day8.com'
    'HTTP_CONNECTION' => 'keep-alive'
    'HTTP_ACCEPT' => 'text/html,application/xhtml+xml,application/xml;q=0.9,image/webp,*/*;q=0.8'
    'HTTP_USER_AGENT' => 'Mozilla/5.0 (Windows NT 6.1; WOW64) AppleWebKit/537.36 (KHTML, like Gecko) Chrome/36.0.1985.125 Safari/537.36'
    'HTTP_REFERER' => 'http://www.day8.com/advanced/frontend/'
    'HTTP_ACCEPT_ENCODING' => 'gzip,deflate,sdch'
    'HTTP_ACCEPT_LANGUAGE' => 'zh-CN,zh;q=0.8'
    'HTTP_COOKIE' => 'pgv_pvi=5805983744; CKFinder_Path=Images%3A%2F%3A1; vjuids=-55d53347f.150d5a1378b.0.ee53581f; bdshare_firstime=1446790037236; Hm_lvt_324368ef52596457d064ca5db8c6618e=1447029557; _ga=GA1.2.1680509199.1447029557; Hm_lvt_080dabacb001ad3dc8b9b9049b36d43b=1447073664; __gads=ID=2dd5c3e5d5ea2c15:T=1447073620:S=ALNI_MYj2yIiDX6zJx8142G7TEP3WB86eA; vjlast=1446693124.1447073664.11; lastvisit=1447632599939; Hm_lvt_afb625f73f5cdb2df77e65fce01cdb9d=1447816802; CNZZDATA4782199=cnzz_eid%3D997361507-1447812949-%26ntime%3D1447812949; Hm_lvt_7fe4ae9e1d0d01bcf748d066979cd2aa=1448283100; CNZZDATA1254714237=2041149388-1448185007-http%253A%252F%252Fwww.day8.com%252F%7C1448670322; Hm_lvt_d799c65d200835b98ecf7760c758bc5d=1448411685,1448501366,1448588535,1448670618; 8g71_2132_saltkey=s663hzxQ; 8g71_2132_lastvisit=1450682866; ECS[username]=%E5%AE%8F%E7%94%9C%E6%AD%8C; ECS[visit_times]=40; PHPSESSID=tp5a3j0tdqkr9b790hahfg2it3; _csrf=613f6c5bd5ed5d910be6e29646d82d5fec5f4c628ae06fed0de1e65e4e291621a%3A2%3A%7Bi%3A0%3Bs%3A5%3A%22_csrf%22%3Bi%3A1%3Bs%3A32%3A%22eiVxN_lkMXcW2aVP_NCSzPd9I528q2-t%22%3B%7D'
    'PATH' => 'C:\\Windows\\system32;C:\\Windows;C:\\Windows\\System32\\Wbem;C:\\Windows\\System32\\WindowsPowerShell\\v1.0\\;D:\\wamp\\mysqldata\\bin;D:\\wamp\\mysql\\bin;C:\\Program Files\\TortoiseSVN\\bin;E:\\Composer\\UPUPW_AP5.6_64\\PHP5;C:\\ProgramData\\ComposerSetup\\bin;'
    'SystemRoot' => 'C:\\Windows'
    'COMSPEC' => 'C:\\Windows\\system32\\cmd.exe'
    'PATHEXT' => '.COM;.EXE;.BAT;.CMD;.VBS;.VBE;.JS;.JSE;.WSF;.WSH;.MSC'
    'WINDIR' => 'C:\\Windows'
    'SERVER_SIGNATURE' => '<address>Apache/2.4.17 Server at www.day8.com Port 80</address>
'
    'SERVER_SOFTWARE' => 'Apache/2.4.17'
    'SERVER_NAME' => 'www.day8.com'
    'SERVER_ADDR' => '127.0.0.1'
    'SERVER_PORT' => '80'
    'REMOTE_ADDR' => '127.0.0.1'
    'DOCUMENT_ROOT' => 'D:/day8'
    'REQUEST_SCHEME' => 'http'
    'CONTEXT_PREFIX' => ''
    'CONTEXT_DOCUMENT_ROOT' => 'D:/day8'
    'SERVER_ADMIN' => 'webmaster@www.day8.com'
    'SCRIPT_FILENAME' => 'D:/day8/advanced/frontend/web/index.php'
    'REMOTE_PORT' => '59462'
    'GATEWAY_INTERFACE' => 'CGI/1.1'
    'SERVER_PROTOCOL' => 'HTTP/1.1'
    'REQUEST_METHOD' => 'GET'
    'QUERY_STRING' => ''
    'REQUEST_URI' => '/advanced/frontend/web/'
    'SCRIPT_NAME' => '/advanced/frontend/web/index.php'
    'PHP_SELF' => '/advanced/frontend/web/index.php'
    'REQUEST_TIME_FLOAT' => 1451825824.758
    'REQUEST_TIME' => 1451825824
]
2016-01-03 20:57:05 [127.0.0.1][-][-][warning][yii\log\Dispatcher::dispatch] Unable to send log via yii\debug\LogTarget: Exception 'Exception' with message 'Serialization of 'Closure' is not allowed' 

in D:\day8\advanced\vendor\yiisoft\yii2-debug\LogTarget.php:58

Stack trace:
#0 D:\day8\advanced\vendor\yiisoft\yii2-debug\LogTarget.php(58): serialize(Array)
#1 D:\day8\advanced\vendor\yiisoft\yii2-debug\LogTarget.php(112): yii\debug\LogTarget->export(Array)
#2 D:\day8\advanced\vendor\yiisoft\yii2\log\Dispatcher.php(183): yii\debug\LogTarget->collect(Array, true)
#3 D:\day8\advanced\vendor\yiisoft\yii2\log\Logger.php(173): yii\log\Dispatcher->dispatch(Array, true)
#4 [internal function]: yii\log\Logger->flush(true)
#5 {main}
2016-01-03 20:57:04 [127.0.0.1][-][-][info][application] $_COOKIE = [
    'pgv_pvi' => '5805983744'
    'CKFinder_Path' => 'Images:/:1'
    'vjuids' => '-55d53347f.150d5a1378b.0.ee53581f'
    'bdshare_firstime' => '1446790037236'
    'Hm_lvt_324368ef52596457d064ca5db8c6618e' => '1447029557'
    '_ga' => 'GA1.2.1680509199.1447029557'
    'Hm_lvt_080dabacb001ad3dc8b9b9049b36d43b' => '1447073664'
    '__gads' => 'ID=2dd5c3e5d5ea2c15:T=1447073620:S=ALNI_MYj2yIiDX6zJx8142G7TEP3WB86eA'
    'vjlast' => '1446693124.1447073664.11'
    'lastvisit' => '1447632599939'
    'Hm_lvt_afb625f73f5cdb2df77e65fce01cdb9d' => '1447816802'
    'CNZZDATA4782199' => 'cnzz_eid=997361507-1447812949-&ntime=1447812949'
    'Hm_lvt_7fe4ae9e1d0d01bcf748d066979cd2aa' => '1448283100'
    'CNZZDATA1254714237' => '2041149388-1448185007-http%3A%2F%2Fwww.day8.com%2F|1448670322'
    'Hm_lvt_d799c65d200835b98ecf7760c758bc5d' => '1448411685,1448501366,1448588535,1448670618'
    '8g71_2132_saltkey' => 's663hzxQ'
    '8g71_2132_lastvisit' => '1450682866'
    'ECS' => [
        'username' => '宏甜歌'
        'visit_times' => '40'
    ]
    'PHPSESSID' => 'tp5a3j0tdqkr9b790hahfg2it3'
    '_csrf' => '613f6c5bd5ed5d910be6e29646d82d5fec5f4c628ae06fed0de1e65e4e291621a:2:{i:0;s:5:\"_csrf\";i:1;s:32:\"eiVxN_lkMXcW2aVP_NCSzPd9I528q2-t\";}'
]

$_SERVER = [
    'HTTP_HOST' => 'www.day8.com'
    'HTTP_CONNECTION' => 'keep-alive'
    'HTTP_ACCEPT' => 'text/html,application/xhtml+xml,application/xml;q=0.9,image/webp,*/*;q=0.8'
    'HTTP_USER_AGENT' => 'Mozilla/5.0 (Windows NT 6.1; WOW64) AppleWebKit/537.36 (KHTML, like Gecko) Chrome/36.0.1985.125 Safari/537.36'
    'HTTP_REFERER' => 'http://www.day8.com/advanced/frontend/'
    'HTTP_ACCEPT_ENCODING' => 'gzip,deflate,sdch'
    'HTTP_ACCEPT_LANGUAGE' => 'zh-CN,zh;q=0.8'
    'HTTP_COOKIE' => 'pgv_pvi=5805983744; CKFinder_Path=Images%3A%2F%3A1; vjuids=-55d53347f.150d5a1378b.0.ee53581f; bdshare_firstime=1446790037236; Hm_lvt_324368ef52596457d064ca5db8c6618e=1447029557; _ga=GA1.2.1680509199.1447029557; Hm_lvt_080dabacb001ad3dc8b9b9049b36d43b=1447073664; __gads=ID=2dd5c3e5d5ea2c15:T=1447073620:S=ALNI_MYj2yIiDX6zJx8142G7TEP3WB86eA; vjlast=1446693124.1447073664.11; lastvisit=1447632599939; Hm_lvt_afb625f73f5cdb2df77e65fce01cdb9d=1447816802; CNZZDATA4782199=cnzz_eid%3D997361507-1447812949-%26ntime%3D1447812949; Hm_lvt_7fe4ae9e1d0d01bcf748d066979cd2aa=1448283100; CNZZDATA1254714237=2041149388-1448185007-http%253A%252F%252Fwww.day8.com%252F%7C1448670322; Hm_lvt_d799c65d200835b98ecf7760c758bc5d=1448411685,1448501366,1448588535,1448670618; 8g71_2132_saltkey=s663hzxQ; 8g71_2132_lastvisit=1450682866; ECS[username]=%E5%AE%8F%E7%94%9C%E6%AD%8C; ECS[visit_times]=40; PHPSESSID=tp5a3j0tdqkr9b790hahfg2it3; _csrf=613f6c5bd5ed5d910be6e29646d82d5fec5f4c628ae06fed0de1e65e4e291621a%3A2%3A%7Bi%3A0%3Bs%3A5%3A%22_csrf%22%3Bi%3A1%3Bs%3A32%3A%22eiVxN_lkMXcW2aVP_NCSzPd9I528q2-t%22%3B%7D'
    'PATH' => 'C:\\Windows\\system32;C:\\Windows;C:\\Windows\\System32\\Wbem;C:\\Windows\\System32\\WindowsPowerShell\\v1.0\\;D:\\wamp\\mysqldata\\bin;D:\\wamp\\mysql\\bin;C:\\Program Files\\TortoiseSVN\\bin;E:\\Composer\\UPUPW_AP5.6_64\\PHP5;C:\\ProgramData\\ComposerSetup\\bin;'
    'SystemRoot' => 'C:\\Windows'
    'COMSPEC' => 'C:\\Windows\\system32\\cmd.exe'
    'PATHEXT' => '.COM;.EXE;.BAT;.CMD;.VBS;.VBE;.JS;.JSE;.WSF;.WSH;.MSC'
    'WINDIR' => 'C:\\Windows'
    'SERVER_SIGNATURE' => '<address>Apache/2.4.17 Server at www.day8.com Port 80</address>
'
    'SERVER_SOFTWARE' => 'Apache/2.4.17'
    'SERVER_NAME' => 'www.day8.com'
    'SERVER_ADDR' => '127.0.0.1'
    'SERVER_PORT' => '80'
    'REMOTE_ADDR' => '127.0.0.1'
    'DOCUMENT_ROOT' => 'D:/day8'
    'REQUEST_SCHEME' => 'http'
    'CONTEXT_PREFIX' => ''
    'CONTEXT_DOCUMENT_ROOT' => 'D:/day8'
    'SERVER_ADMIN' => 'webmaster@www.day8.com'
    'SCRIPT_FILENAME' => 'D:/day8/advanced/frontend/web/index.php'
    'REMOTE_PORT' => '59462'
    'GATEWAY_INTERFACE' => 'CGI/1.1'
    'SERVER_PROTOCOL' => 'HTTP/1.1'
    'REQUEST_METHOD' => 'GET'
    'QUERY_STRING' => ''
    'REQUEST_URI' => '/advanced/frontend/web/'
    'SCRIPT_NAME' => '/advanced/frontend/web/index.php'
    'PHP_SELF' => '/advanced/frontend/web/index.php'
    'REQUEST_TIME_FLOAT' => 1451825824.758
    'REQUEST_TIME' => 1451825824
]
2016-01-03 20:57:21 [127.0.0.1][-][-][error][yii\base\InvalidParamException] exception 'yii\base\InvalidParamException' with message 'The file or directory to be published does not exist: D:\day8\month9\rikao2\vendor\yiisoft\yii2/assets' in D:\day8\advanced\vendor\yiisoft\yii2\web\AssetManager.php:452
Stack trace:
#0 D:\day8\advanced\vendor\yiisoft\yii2\web\AssetBundle.php(163): yii\web\AssetManager->publish('D:\\day8\\month9\\...', Array)
#1 D:\day8\advanced\vendor\yiisoft\yii2\web\AssetManager.php(266): yii\web\AssetBundle->publish(Object(yii\web\AssetManager))
#2 D:\day8\advanced\vendor\yiisoft\yii2\web\AssetManager.php(237): yii\web\AssetManager->loadBundle('yii\\web\\YiiAsse...', Array, true)
#3 D:\day8\advanced\vendor\yiisoft\yii2\web\View.php(284): yii\web\AssetManager->getBundle('yii\\web\\YiiAsse...')
#4 D:\day8\advanced\vendor\yiisoft\yii2\web\View.php(289): yii\web\View->registerAssetBundle('yii\\web\\YiiAsse...', NULL)
#5 D:\day8\advanced\vendor\yiisoft\yii2\web\AssetBundle.php(119): yii\web\View->registerAssetBundle('frontend\\assets...')
#6 D:\day8\advanced\frontend\views\layouts\main.php(13): yii\web\AssetBundle::register(Object(yii\web\View))
#7 D:\day8\advanced\vendor\yiisoft\yii2\base\View.php(325): require('D:\\day8\\advance...')
#8 D:\day8\advanced\vendor\yiisoft\yii2\base\View.php(247): yii\base\View->renderPhpFile('D:\\day8\\advance...', Array)
#9 D:\day8\advanced\vendor\yiisoft\yii2\base\Controller.php(386): yii\base\View->renderFile('D:\\day8\\advance...', Array, Object(frontend\controllers\SiteController))
#10 D:\day8\advanced\vendor\yiisoft\yii2\base\Controller.php(372): yii\base\Controller->renderContent('<div class="sit...')
#11 D:\day8\advanced\frontend\controllers\SiteController.php(75): yii\base\Controller->render('index')
#12 [internal function]: frontend\controllers\SiteController->actionIndex()
#13 D:\day8\advanced\vendor\yiisoft\yii2\base\InlineAction.php(55): call_user_func_array(Array, Array)
#14 D:\day8\advanced\vendor\yiisoft\yii2\base\Controller.php(151): yii\base\InlineAction->runWithParams(Array)
#15 D:\day8\advanced\vendor\yiisoft\yii2\base\Module.php(455): yii\base\Controller->runAction('', Array)
#16 D:\day8\advanced\vendor\yiisoft\yii2\web\Application.php(84): yii\base\Module->runAction('', Array)
#17 D:\day8\advanced\vendor\yiisoft\yii2\base\Application.php(375): yii\web\Application->handleRequest(Object(yii\web\Request))
#18 D:\day8\advanced\frontend\web\index.php(18): yii\base\Application->run()
#19 {main}
2016-01-03 20:57:21 [127.0.0.1][-][-][info][application] $_COOKIE = [
    'pgv_pvi' => '5805983744'
    'CKFinder_Path' => 'Images:/:1'
    'vjuids' => '-55d53347f.150d5a1378b.0.ee53581f'
    'bdshare_firstime' => '1446790037236'
    'Hm_lvt_324368ef52596457d064ca5db8c6618e' => '1447029557'
    '_ga' => 'GA1.2.1680509199.1447029557'
    'Hm_lvt_080dabacb001ad3dc8b9b9049b36d43b' => '1447073664'
    '__gads' => 'ID=2dd5c3e5d5ea2c15:T=1447073620:S=ALNI_MYj2yIiDX6zJx8142G7TEP3WB86eA'
    'vjlast' => '1446693124.1447073664.11'
    'lastvisit' => '1447632599939'
    'Hm_lvt_afb625f73f5cdb2df77e65fce01cdb9d' => '1447816802'
    'CNZZDATA4782199' => 'cnzz_eid=997361507-1447812949-&ntime=1447812949'
    'Hm_lvt_7fe4ae9e1d0d01bcf748d066979cd2aa' => '1448283100'
    'CNZZDATA1254714237' => '2041149388-1448185007-http%3A%2F%2Fwww.day8.com%2F|1448670322'
    'Hm_lvt_d799c65d200835b98ecf7760c758bc5d' => '1448411685,1448501366,1448588535,1448670618'
    '8g71_2132_saltkey' => 's663hzxQ'
    '8g71_2132_lastvisit' => '1450682866'
    'ECS' => [
        'username' => '宏甜歌'
        'visit_times' => '40'
    ]
    'PHPSESSID' => 'tp5a3j0tdqkr9b790hahfg2it3'
    '_csrf' => '613f6c5bd5ed5d910be6e29646d82d5fec5f4c628ae06fed0de1e65e4e291621a:2:{i:0;s:5:\"_csrf\";i:1;s:32:\"eiVxN_lkMXcW2aVP_NCSzPd9I528q2-t\";}'
]

$_SERVER = [
    'HTTP_HOST' => 'www.day8.com'
    'HTTP_CONNECTION' => 'keep-alive'
    'HTTP_ACCEPT' => 'text/html,application/xhtml+xml,application/xml;q=0.9,image/webp,*/*;q=0.8'
    'HTTP_USER_AGENT' => 'Mozilla/5.0 (Windows NT 6.1; WOW64) AppleWebKit/537.36 (KHTML, like Gecko) Chrome/36.0.1985.125 Safari/537.36'
    'HTTP_REFERER' => 'http://www.day8.com/advanced/frontend/'
    'HTTP_ACCEPT_ENCODING' => 'gzip,deflate,sdch'
    'HTTP_ACCEPT_LANGUAGE' => 'zh-CN,zh;q=0.8'
    'HTTP_COOKIE' => 'pgv_pvi=5805983744; CKFinder_Path=Images%3A%2F%3A1; vjuids=-55d53347f.150d5a1378b.0.ee53581f; bdshare_firstime=1446790037236; Hm_lvt_324368ef52596457d064ca5db8c6618e=1447029557; _ga=GA1.2.1680509199.1447029557; Hm_lvt_080dabacb001ad3dc8b9b9049b36d43b=1447073664; __gads=ID=2dd5c3e5d5ea2c15:T=1447073620:S=ALNI_MYj2yIiDX6zJx8142G7TEP3WB86eA; vjlast=1446693124.1447073664.11; lastvisit=1447632599939; Hm_lvt_afb625f73f5cdb2df77e65fce01cdb9d=1447816802; CNZZDATA4782199=cnzz_eid%3D997361507-1447812949-%26ntime%3D1447812949; Hm_lvt_7fe4ae9e1d0d01bcf748d066979cd2aa=1448283100; CNZZDATA1254714237=2041149388-1448185007-http%253A%252F%252Fwww.day8.com%252F%7C1448670322; Hm_lvt_d799c65d200835b98ecf7760c758bc5d=1448411685,1448501366,1448588535,1448670618; 8g71_2132_saltkey=s663hzxQ; 8g71_2132_lastvisit=1450682866; ECS[username]=%E5%AE%8F%E7%94%9C%E6%AD%8C; ECS[visit_times]=40; PHPSESSID=tp5a3j0tdqkr9b790hahfg2it3; _csrf=613f6c5bd5ed5d910be6e29646d82d5fec5f4c628ae06fed0de1e65e4e291621a%3A2%3A%7Bi%3A0%3Bs%3A5%3A%22_csrf%22%3Bi%3A1%3Bs%3A32%3A%22eiVxN_lkMXcW2aVP_NCSzPd9I528q2-t%22%3B%7D'
    'PATH' => 'C:\\Windows\\system32;C:\\Windows;C:\\Windows\\System32\\Wbem;C:\\Windows\\System32\\WindowsPowerShell\\v1.0\\;D:\\wamp\\mysqldata\\bin;D:\\wamp\\mysql\\bin;C:\\Program Files\\TortoiseSVN\\bin;E:\\Composer\\UPUPW_AP5.6_64\\PHP5;C:\\ProgramData\\ComposerSetup\\bin;'
    'SystemRoot' => 'C:\\Windows'
    'COMSPEC' => 'C:\\Windows\\system32\\cmd.exe'
    'PATHEXT' => '.COM;.EXE;.BAT;.CMD;.VBS;.VBE;.JS;.JSE;.WSF;.WSH;.MSC'
    'WINDIR' => 'C:\\Windows'
    'SERVER_SIGNATURE' => '<address>Apache/2.4.17 Server at www.day8.com Port 80</address>
'
    'SERVER_SOFTWARE' => 'Apache/2.4.17'
    'SERVER_NAME' => 'www.day8.com'
    'SERVER_ADDR' => '127.0.0.1'
    'SERVER_PORT' => '80'
    'REMOTE_ADDR' => '127.0.0.1'
    'DOCUMENT_ROOT' => 'D:/day8'
    'REQUEST_SCHEME' => 'http'
    'CONTEXT_PREFIX' => ''
    'CONTEXT_DOCUMENT_ROOT' => 'D:/day8'
    'SERVER_ADMIN' => 'webmaster@www.day8.com'
    'SCRIPT_FILENAME' => 'D:/day8/advanced/frontend/web/index.php'
    'REMOTE_PORT' => '59470'
    'GATEWAY_INTERFACE' => 'CGI/1.1'
    'SERVER_PROTOCOL' => 'HTTP/1.1'
    'REQUEST_METHOD' => 'GET'
    'QUERY_STRING' => ''
    'REQUEST_URI' => '/advanced/frontend/web/'
    'SCRIPT_NAME' => '/advanced/frontend/web/index.php'
    'PHP_SELF' => '/advanced/frontend/web/index.php'
    'REQUEST_TIME_FLOAT' => 1451825841.079
    'REQUEST_TIME' => 1451825841
]
2016-01-03 20:57:21 [127.0.0.1][-][-][warning][yii\log\Dispatcher::dispatch] Unable to send log via yii\debug\LogTarget: Exception 'Exception' with message 'Serialization of 'Closure' is not allowed' 

in D:\day8\advanced\vendor\yiisoft\yii2-debug\LogTarget.php:58

Stack trace:
#0 D:\day8\advanced\vendor\yiisoft\yii2-debug\LogTarget.php(58): serialize(Array)
#1 D:\day8\advanced\vendor\yiisoft\yii2-debug\LogTarget.php(112): yii\debug\LogTarget->export(Array)
#2 D:\day8\advanced\vendor\yiisoft\yii2\log\Dispatcher.php(183): yii\debug\LogTarget->collect(Array, true)
#3 D:\day8\advanced\vendor\yiisoft\yii2\log\Logger.php(173): yii\log\Dispatcher->dispatch(Array, true)
#4 [internal function]: yii\log\Logger->flush(true)
#5 {main}
2016-01-03 20:57:21 [127.0.0.1][-][-][info][application] $_COOKIE = [
    'pgv_pvi' => '5805983744'
    'CKFinder_Path' => 'Images:/:1'
    'vjuids' => '-55d53347f.150d5a1378b.0.ee53581f'
    'bdshare_firstime' => '1446790037236'
    'Hm_lvt_324368ef52596457d064ca5db8c6618e' => '1447029557'
    '_ga' => 'GA1.2.1680509199.1447029557'
    'Hm_lvt_080dabacb001ad3dc8b9b9049b36d43b' => '1447073664'
    '__gads' => 'ID=2dd5c3e5d5ea2c15:T=1447073620:S=ALNI_MYj2yIiDX6zJx8142G7TEP3WB86eA'
    'vjlast' => '1446693124.1447073664.11'
    'lastvisit' => '1447632599939'
    'Hm_lvt_afb625f73f5cdb2df77e65fce01cdb9d' => '1447816802'
    'CNZZDATA4782199' => 'cnzz_eid=997361507-1447812949-&ntime=1447812949'
    'Hm_lvt_7fe4ae9e1d0d01bcf748d066979cd2aa' => '1448283100'
    'CNZZDATA1254714237' => '2041149388-1448185007-http%3A%2F%2Fwww.day8.com%2F|1448670322'
    'Hm_lvt_d799c65d200835b98ecf7760c758bc5d' => '1448411685,1448501366,1448588535,1448670618'
    '8g71_2132_saltkey' => 's663hzxQ'
    '8g71_2132_lastvisit' => '1450682866'
    'ECS' => [
        'username' => '宏甜歌'
        'visit_times' => '40'
    ]
    'PHPSESSID' => 'tp5a3j0tdqkr9b790hahfg2it3'
    '_csrf' => '613f6c5bd5ed5d910be6e29646d82d5fec5f4c628ae06fed0de1e65e4e291621a:2:{i:0;s:5:\"_csrf\";i:1;s:32:\"eiVxN_lkMXcW2aVP_NCSzPd9I528q2-t\";}'
]

$_SERVER = [
    'HTTP_HOST' => 'www.day8.com'
    'HTTP_CONNECTION' => 'keep-alive'
    'HTTP_ACCEPT' => 'text/html,application/xhtml+xml,application/xml;q=0.9,image/webp,*/*;q=0.8'
    'HTTP_USER_AGENT' => 'Mozilla/5.0 (Windows NT 6.1; WOW64) AppleWebKit/537.36 (KHTML, like Gecko) Chrome/36.0.1985.125 Safari/537.36'
    'HTTP_REFERER' => 'http://www.day8.com/advanced/frontend/'
    'HTTP_ACCEPT_ENCODING' => 'gzip,deflate,sdch'
    'HTTP_ACCEPT_LANGUAGE' => 'zh-CN,zh;q=0.8'
    'HTTP_COOKIE' => 'pgv_pvi=5805983744; CKFinder_Path=Images%3A%2F%3A1; vjuids=-55d53347f.150d5a1378b.0.ee53581f; bdshare_firstime=1446790037236; Hm_lvt_324368ef52596457d064ca5db8c6618e=1447029557; _ga=GA1.2.1680509199.1447029557; Hm_lvt_080dabacb001ad3dc8b9b9049b36d43b=1447073664; __gads=ID=2dd5c3e5d5ea2c15:T=1447073620:S=ALNI_MYj2yIiDX6zJx8142G7TEP3WB86eA; vjlast=1446693124.1447073664.11; lastvisit=1447632599939; Hm_lvt_afb625f73f5cdb2df77e65fce01cdb9d=1447816802; CNZZDATA4782199=cnzz_eid%3D997361507-1447812949-%26ntime%3D1447812949; Hm_lvt_7fe4ae9e1d0d01bcf748d066979cd2aa=1448283100; CNZZDATA1254714237=2041149388-1448185007-http%253A%252F%252Fwww.day8.com%252F%7C1448670322; Hm_lvt_d799c65d200835b98ecf7760c758bc5d=1448411685,1448501366,1448588535,1448670618; 8g71_2132_saltkey=s663hzxQ; 8g71_2132_lastvisit=1450682866; ECS[username]=%E5%AE%8F%E7%94%9C%E6%AD%8C; ECS[visit_times]=40; PHPSESSID=tp5a3j0tdqkr9b790hahfg2it3; _csrf=613f6c5bd5ed5d910be6e29646d82d5fec5f4c628ae06fed0de1e65e4e291621a%3A2%3A%7Bi%3A0%3Bs%3A5%3A%22_csrf%22%3Bi%3A1%3Bs%3A32%3A%22eiVxN_lkMXcW2aVP_NCSzPd9I528q2-t%22%3B%7D'
    'PATH' => 'C:\\Windows\\system32;C:\\Windows;C:\\Windows\\System32\\Wbem;C:\\Windows\\System32\\WindowsPowerShell\\v1.0\\;D:\\wamp\\mysqldata\\bin;D:\\wamp\\mysql\\bin;C:\\Program Files\\TortoiseSVN\\bin;E:\\Composer\\UPUPW_AP5.6_64\\PHP5;C:\\ProgramData\\ComposerSetup\\bin;'
    'SystemRoot' => 'C:\\Windows'
    'COMSPEC' => 'C:\\Windows\\system32\\cmd.exe'
    'PATHEXT' => '.COM;.EXE;.BAT;.CMD;.VBS;.VBE;.JS;.JSE;.WSF;.WSH;.MSC'
    'WINDIR' => 'C:\\Windows'
    'SERVER_SIGNATURE' => '<address>Apache/2.4.17 Server at www.day8.com Port 80</address>
'
    'SERVER_SOFTWARE' => 'Apache/2.4.17'
    'SERVER_NAME' => 'www.day8.com'
    'SERVER_ADDR' => '127.0.0.1'
    'SERVER_PORT' => '80'
    'REMOTE_ADDR' => '127.0.0.1'
    'DOCUMENT_ROOT' => 'D:/day8'
    'REQUEST_SCHEME' => 'http'
    'CONTEXT_PREFIX' => ''
    'CONTEXT_DOCUMENT_ROOT' => 'D:/day8'
    'SERVER_ADMIN' => 'webmaster@www.day8.com'
    'SCRIPT_FILENAME' => 'D:/day8/advanced/frontend/web/index.php'
    'REMOTE_PORT' => '59470'
    'GATEWAY_INTERFACE' => 'CGI/1.1'
    'SERVER_PROTOCOL' => 'HTTP/1.1'
    'REQUEST_METHOD' => 'GET'
    'QUERY_STRING' => ''
    'REQUEST_URI' => '/advanced/frontend/web/'
    'SCRIPT_NAME' => '/advanced/frontend/web/index.php'
    'PHP_SELF' => '/advanced/frontend/web/index.php'
    'REQUEST_TIME_FLOAT' => 1451825841.079
    'REQUEST_TIME' => 1451825841
]
2016-01-03 21:11:06 [127.0.0.1][-][-][error][yii\base\InvalidParamException] exception 'yii\base\InvalidParamException' with message 'The file or directory to be published does not exist: D:\day8\month9\rikao2\vendor\yiisoft\yii2/assets' in D:\day8\advanced\vendor\yiisoft\yii2\web\AssetManager.php:452
Stack trace:
#0 D:\day8\advanced\vendor\yiisoft\yii2\web\AssetBundle.php(163): yii\web\AssetManager->publish('D:\\day8\\month9\\...', Array)
#1 D:\day8\advanced\vendor\yiisoft\yii2\web\AssetManager.php(266): yii\web\AssetBundle->publish(Object(yii\web\AssetManager))
#2 D:\day8\advanced\vendor\yiisoft\yii2\web\AssetManager.php(237): yii\web\AssetManager->loadBundle('yii\\web\\YiiAsse...', Array, true)
#3 D:\day8\advanced\vendor\yiisoft\yii2\web\View.php(284): yii\web\AssetManager->getBundle('yii\\web\\YiiAsse...')
#4 D:\day8\advanced\vendor\yiisoft\yii2\web\View.php(289): yii\web\View->registerAssetBundle('yii\\web\\YiiAsse...', NULL)
#5 D:\day8\advanced\vendor\yiisoft\yii2\web\AssetBundle.php(119): yii\web\View->registerAssetBundle('frontend\\assets...')
#6 D:\day8\advanced\frontend\views\layouts\main.php(13): yii\web\AssetBundle::register(Object(yii\web\View))
#7 D:\day8\advanced\vendor\yiisoft\yii2\base\View.php(325): require('D:\\day8\\advance...')
#8 D:\day8\advanced\vendor\yiisoft\yii2\base\View.php(247): yii\base\View->renderPhpFile('D:\\day8\\advance...', Array)
#9 D:\day8\advanced\vendor\yiisoft\yii2\base\Controller.php(386): yii\base\View->renderFile('D:\\day8\\advance...', Array, Object(frontend\controllers\SiteController))
#10 D:\day8\advanced\vendor\yiisoft\yii2\base\Controller.php(372): yii\base\Controller->renderContent('<div class="sit...')
#11 D:\day8\advanced\frontend\controllers\SiteController.php(75): yii\base\Controller->render('index')
#12 [internal function]: frontend\controllers\SiteController->actionIndex()
#13 D:\day8\advanced\vendor\yiisoft\yii2\base\InlineAction.php(55): call_user_func_array(Array, Array)
#14 D:\day8\advanced\vendor\yiisoft\yii2\base\Controller.php(151): yii\base\InlineAction->runWithParams(Array)
#15 D:\day8\advanced\vendor\yiisoft\yii2\base\Module.php(455): yii\base\Controller->runAction('', Array)
#16 D:\day8\advanced\vendor\yiisoft\yii2\web\Application.php(84): yii\base\Module->runAction('', Array)
#17 D:\day8\advanced\vendor\yiisoft\yii2\base\Application.php(375): yii\web\Application->handleRequest(Object(yii\web\Request))
#18 D:\day8\advanced\frontend\web\index.php(18): yii\base\Application->run()
#19 {main}
2016-01-03 21:11:06 [127.0.0.1][-][-][info][application] $_COOKIE = [
    'pgv_pvi' => '5805983744'
    'CKFinder_Path' => 'Images:/:1'
    'vjuids' => '-55d53347f.150d5a1378b.0.ee53581f'
    'bdshare_firstime' => '1446790037236'
    'Hm_lvt_324368ef52596457d064ca5db8c6618e' => '1447029557'
    '_ga' => 'GA1.2.1680509199.1447029557'
    'Hm_lvt_080dabacb001ad3dc8b9b9049b36d43b' => '1447073664'
    '__gads' => 'ID=2dd5c3e5d5ea2c15:T=1447073620:S=ALNI_MYj2yIiDX6zJx8142G7TEP3WB86eA'
    'vjlast' => '1446693124.1447073664.11'
    'lastvisit' => '1447632599939'
    'Hm_lvt_afb625f73f5cdb2df77e65fce01cdb9d' => '1447816802'
    'CNZZDATA4782199' => 'cnzz_eid=997361507-1447812949-&ntime=1447812949'
    'Hm_lvt_7fe4ae9e1d0d01bcf748d066979cd2aa' => '1448283100'
    'CNZZDATA1254714237' => '2041149388-1448185007-http%3A%2F%2Fwww.day8.com%2F|1448670322'
    'Hm_lvt_d799c65d200835b98ecf7760c758bc5d' => '1448411685,1448501366,1448588535,1448670618'
    '8g71_2132_saltkey' => 's663hzxQ'
    '8g71_2132_lastvisit' => '1450682866'
    'ECS' => [
        'username' => '宏甜歌'
        'visit_times' => '40'
    ]
    'PHPSESSID' => 'tp5a3j0tdqkr9b790hahfg2it3'
    '_csrf' => '613f6c5bd5ed5d910be6e29646d82d5fec5f4c628ae06fed0de1e65e4e291621a:2:{i:0;s:5:\"_csrf\";i:1;s:32:\"eiVxN_lkMXcW2aVP_NCSzPd9I528q2-t\";}'
]

$_SERVER = [
    'HTTP_HOST' => 'www.day8.com'
    'HTTP_CONNECTION' => 'keep-alive'
    'HTTP_ACCEPT' => 'text/html,application/xhtml+xml,application/xml;q=0.9,image/webp,*/*;q=0.8'
    'HTTP_USER_AGENT' => 'Mozilla/5.0 (Windows NT 6.1; WOW64) AppleWebKit/537.36 (KHTML, like Gecko) Chrome/36.0.1985.125 Safari/537.36'
    'HTTP_REFERER' => 'http://www.day8.com/advanced/frontend/'
    'HTTP_ACCEPT_ENCODING' => 'gzip,deflate,sdch'
    'HTTP_ACCEPT_LANGUAGE' => 'zh-CN,zh;q=0.8'
    'HTTP_COOKIE' => 'pgv_pvi=5805983744; CKFinder_Path=Images%3A%2F%3A1; vjuids=-55d53347f.150d5a1378b.0.ee53581f; bdshare_firstime=1446790037236; Hm_lvt_324368ef52596457d064ca5db8c6618e=1447029557; _ga=GA1.2.1680509199.1447029557; Hm_lvt_080dabacb001ad3dc8b9b9049b36d43b=1447073664; __gads=ID=2dd5c3e5d5ea2c15:T=1447073620:S=ALNI_MYj2yIiDX6zJx8142G7TEP3WB86eA; vjlast=1446693124.1447073664.11; lastvisit=1447632599939; Hm_lvt_afb625f73f5cdb2df77e65fce01cdb9d=1447816802; CNZZDATA4782199=cnzz_eid%3D997361507-1447812949-%26ntime%3D1447812949; Hm_lvt_7fe4ae9e1d0d01bcf748d066979cd2aa=1448283100; CNZZDATA1254714237=2041149388-1448185007-http%253A%252F%252Fwww.day8.com%252F%7C1448670322; Hm_lvt_d799c65d200835b98ecf7760c758bc5d=1448411685,1448501366,1448588535,1448670618; 8g71_2132_saltkey=s663hzxQ; 8g71_2132_lastvisit=1450682866; ECS[username]=%E5%AE%8F%E7%94%9C%E6%AD%8C; ECS[visit_times]=40; PHPSESSID=tp5a3j0tdqkr9b790hahfg2it3; _csrf=613f6c5bd5ed5d910be6e29646d82d5fec5f4c628ae06fed0de1e65e4e291621a%3A2%3A%7Bi%3A0%3Bs%3A5%3A%22_csrf%22%3Bi%3A1%3Bs%3A32%3A%22eiVxN_lkMXcW2aVP_NCSzPd9I528q2-t%22%3B%7D'
    'PATH' => 'C:\\Windows\\system32;C:\\Windows;C:\\Windows\\System32\\Wbem;C:\\Windows\\System32\\WindowsPowerShell\\v1.0\\;D:\\wamp\\mysqldata\\bin;D:\\wamp\\mysql\\bin;C:\\Program Files\\TortoiseSVN\\bin;E:\\Composer\\UPUPW_AP5.6_64\\PHP5;C:\\ProgramData\\ComposerSetup\\bin;'
    'SystemRoot' => 'C:\\Windows'
    'COMSPEC' => 'C:\\Windows\\system32\\cmd.exe'
    'PATHEXT' => '.COM;.EXE;.BAT;.CMD;.VBS;.VBE;.JS;.JSE;.WSF;.WSH;.MSC'
    'WINDIR' => 'C:\\Windows'
    'SERVER_SIGNATURE' => '<address>Apache/2.4.17 Server at www.day8.com Port 80</address>
'
    'SERVER_SOFTWARE' => 'Apache/2.4.17'
    'SERVER_NAME' => 'www.day8.com'
    'SERVER_ADDR' => '127.0.0.1'
    'SERVER_PORT' => '80'
    'REMOTE_ADDR' => '127.0.0.1'
    'DOCUMENT_ROOT' => 'D:/day8'
    'REQUEST_SCHEME' => 'http'
    'CONTEXT_PREFIX' => ''
    'CONTEXT_DOCUMENT_ROOT' => 'D:/day8'
    'SERVER_ADMIN' => 'webmaster@www.day8.com'
    'SCRIPT_FILENAME' => 'D:/day8/advanced/frontend/web/index.php'
    'REMOTE_PORT' => '59605'
    'GATEWAY_INTERFACE' => 'CGI/1.1'
    'SERVER_PROTOCOL' => 'HTTP/1.1'
    'REQUEST_METHOD' => 'GET'
    'QUERY_STRING' => ''
    'REQUEST_URI' => '/advanced/frontend/web/'
    'SCRIPT_NAME' => '/advanced/frontend/web/index.php'
    'PHP_SELF' => '/advanced/frontend/web/index.php'
    'REQUEST_TIME_FLOAT' => 1451826666.293
    'REQUEST_TIME' => 1451826666
]
2016-01-03 21:11:06 [127.0.0.1][-][-][warning][yii\log\Dispatcher::dispatch] Unable to send log via yii\debug\LogTarget: Exception 'Exception' with message 'Serialization of 'Closure' is not allowed' 

in D:\day8\advanced\vendor\yiisoft\yii2-debug\LogTarget.php:58

Stack trace:
#0 D:\day8\advanced\vendor\yiisoft\yii2-debug\LogTarget.php(58): serialize(Array)
#1 D:\day8\advanced\vendor\yiisoft\yii2-debug\LogTarget.php(112): yii\debug\LogTarget->export(Array)
#2 D:\day8\advanced\vendor\yiisoft\yii2\log\Dispatcher.php(183): yii\debug\LogTarget->collect(Array, true)
#3 D:\day8\advanced\vendor\yiisoft\yii2\log\Logger.php(173): yii\log\Dispatcher->dispatch(Array, true)
#4 [internal function]: yii\log\Logger->flush(true)
#5 {main}
2016-01-03 21:11:06 [127.0.0.1][-][-][info][application] $_COOKIE = [
    'pgv_pvi' => '5805983744'
    'CKFinder_Path' => 'Images:/:1'
    'vjuids' => '-55d53347f.150d5a1378b.0.ee53581f'
    'bdshare_firstime' => '1446790037236'
    'Hm_lvt_324368ef52596457d064ca5db8c6618e' => '1447029557'
    '_ga' => 'GA1.2.1680509199.1447029557'
    'Hm_lvt_080dabacb001ad3dc8b9b9049b36d43b' => '1447073664'
    '__gads' => 'ID=2dd5c3e5d5ea2c15:T=1447073620:S=ALNI_MYj2yIiDX6zJx8142G7TEP3WB86eA'
    'vjlast' => '1446693124.1447073664.11'
    'lastvisit' => '1447632599939'
    'Hm_lvt_afb625f73f5cdb2df77e65fce01cdb9d' => '1447816802'
    'CNZZDATA4782199' => 'cnzz_eid=997361507-1447812949-&ntime=1447812949'
    'Hm_lvt_7fe4ae9e1d0d01bcf748d066979cd2aa' => '1448283100'
    'CNZZDATA1254714237' => '2041149388-1448185007-http%3A%2F%2Fwww.day8.com%2F|1448670322'
    'Hm_lvt_d799c65d200835b98ecf7760c758bc5d' => '1448411685,1448501366,1448588535,1448670618'
    '8g71_2132_saltkey' => 's663hzxQ'
    '8g71_2132_lastvisit' => '1450682866'
    'ECS' => [
        'username' => '宏甜歌'
        'visit_times' => '40'
    ]
    'PHPSESSID' => 'tp5a3j0tdqkr9b790hahfg2it3'
    '_csrf' => '613f6c5bd5ed5d910be6e29646d82d5fec5f4c628ae06fed0de1e65e4e291621a:2:{i:0;s:5:\"_csrf\";i:1;s:32:\"eiVxN_lkMXcW2aVP_NCSzPd9I528q2-t\";}'
]

$_SERVER = [
    'HTTP_HOST' => 'www.day8.com'
    'HTTP_CONNECTION' => 'keep-alive'
    'HTTP_ACCEPT' => 'text/html,application/xhtml+xml,application/xml;q=0.9,image/webp,*/*;q=0.8'
    'HTTP_USER_AGENT' => 'Mozilla/5.0 (Windows NT 6.1; WOW64) AppleWebKit/537.36 (KHTML, like Gecko) Chrome/36.0.1985.125 Safari/537.36'
    'HTTP_REFERER' => 'http://www.day8.com/advanced/frontend/'
    'HTTP_ACCEPT_ENCODING' => 'gzip,deflate,sdch'
    'HTTP_ACCEPT_LANGUAGE' => 'zh-CN,zh;q=0.8'
    'HTTP_COOKIE' => 'pgv_pvi=5805983744; CKFinder_Path=Images%3A%2F%3A1; vjuids=-55d53347f.150d5a1378b.0.ee53581f; bdshare_firstime=1446790037236; Hm_lvt_324368ef52596457d064ca5db8c6618e=1447029557; _ga=GA1.2.1680509199.1447029557; Hm_lvt_080dabacb001ad3dc8b9b9049b36d43b=1447073664; __gads=ID=2dd5c3e5d5ea2c15:T=1447073620:S=ALNI_MYj2yIiDX6zJx8142G7TEP3WB86eA; vjlast=1446693124.1447073664.11; lastvisit=1447632599939; Hm_lvt_afb625f73f5cdb2df77e65fce01cdb9d=1447816802; CNZZDATA4782199=cnzz_eid%3D997361507-1447812949-%26ntime%3D1447812949; Hm_lvt_7fe4ae9e1d0d01bcf748d066979cd2aa=1448283100; CNZZDATA1254714237=2041149388-1448185007-http%253A%252F%252Fwww.day8.com%252F%7C1448670322; Hm_lvt_d799c65d200835b98ecf7760c758bc5d=1448411685,1448501366,1448588535,1448670618; 8g71_2132_saltkey=s663hzxQ; 8g71_2132_lastvisit=1450682866; ECS[username]=%E5%AE%8F%E7%94%9C%E6%AD%8C; ECS[visit_times]=40; PHPSESSID=tp5a3j0tdqkr9b790hahfg2it3; _csrf=613f6c5bd5ed5d910be6e29646d82d5fec5f4c628ae06fed0de1e65e4e291621a%3A2%3A%7Bi%3A0%3Bs%3A5%3A%22_csrf%22%3Bi%3A1%3Bs%3A32%3A%22eiVxN_lkMXcW2aVP_NCSzPd9I528q2-t%22%3B%7D'
    'PATH' => 'C:\\Windows\\system32;C:\\Windows;C:\\Windows\\System32\\Wbem;C:\\Windows\\System32\\WindowsPowerShell\\v1.0\\;D:\\wamp\\mysqldata\\bin;D:\\wamp\\mysql\\bin;C:\\Program Files\\TortoiseSVN\\bin;E:\\Composer\\UPUPW_AP5.6_64\\PHP5;C:\\ProgramData\\ComposerSetup\\bin;'
    'SystemRoot' => 'C:\\Windows'
    'COMSPEC' => 'C:\\Windows\\system32\\cmd.exe'
    'PATHEXT' => '.COM;.EXE;.BAT;.CMD;.VBS;.VBE;.JS;.JSE;.WSF;.WSH;.MSC'
    'WINDIR' => 'C:\\Windows'
    'SERVER_SIGNATURE' => '<address>Apache/2.4.17 Server at www.day8.com Port 80</address>
'
    'SERVER_SOFTWARE' => 'Apache/2.4.17'
    'SERVER_NAME' => 'www.day8.com'
    'SERVER_ADDR' => '127.0.0.1'
    'SERVER_PORT' => '80'
    'REMOTE_ADDR' => '127.0.0.1'
    'DOCUMENT_ROOT' => 'D:/day8'
    'REQUEST_SCHEME' => 'http'
    'CONTEXT_PREFIX' => ''
    'CONTEXT_DOCUMENT_ROOT' => 'D:/day8'
    'SERVER_ADMIN' => 'webmaster@www.day8.com'
    'SCRIPT_FILENAME' => 'D:/day8/advanced/frontend/web/index.php'
    'REMOTE_PORT' => '59605'
    'GATEWAY_INTERFACE' => 'CGI/1.1'
    'SERVER_PROTOCOL' => 'HTTP/1.1'
    'REQUEST_METHOD' => 'GET'
    'QUERY_STRING' => ''
    'REQUEST_URI' => '/advanced/frontend/web/'
    'SCRIPT_NAME' => '/advanced/frontend/web/index.php'
    'PHP_SELF' => '/advanced/frontend/web/index.php'
    'REQUEST_TIME_FLOAT' => 1451826666.293
    'REQUEST_TIME' => 1451826666
]
2016-01-03 21:11:12 [127.0.0.1][-][-][error][yii\base\InvalidParamException] exception 'yii\base\InvalidParamException' with message 'The file or directory to be published does not exist: D:\day8\month9\rikao2\vendor\yiisoft\yii2/assets' in D:\day8\advanced\vendor\yiisoft\yii2\web\AssetManager.php:452
Stack trace:
#0 D:\day8\advanced\vendor\yiisoft\yii2\web\AssetBundle.php(163): yii\web\AssetManager->publish('D:\\day8\\month9\\...', Array)
#1 D:\day8\advanced\vendor\yiisoft\yii2\web\AssetManager.php(266): yii\web\AssetBundle->publish(Object(yii\web\AssetManager))
#2 D:\day8\advanced\vendor\yiisoft\yii2\web\AssetManager.php(237): yii\web\AssetManager->loadBundle('yii\\web\\YiiAsse...', Array, true)
#3 D:\day8\advanced\vendor\yiisoft\yii2\web\View.php(284): yii\web\AssetManager->getBundle('yii\\web\\YiiAsse...')
#4 D:\day8\advanced\vendor\yiisoft\yii2\web\View.php(289): yii\web\View->registerAssetBundle('yii\\web\\YiiAsse...', NULL)
#5 D:\day8\advanced\vendor\yiisoft\yii2\web\AssetBundle.php(119): yii\web\View->registerAssetBundle('frontend\\assets...')
#6 D:\day8\advanced\frontend\views\layouts\main.php(13): yii\web\AssetBundle::register(Object(yii\web\View))
#7 D:\day8\advanced\vendor\yiisoft\yii2\base\View.php(325): require('D:\\day8\\advance...')
#8 D:\day8\advanced\vendor\yiisoft\yii2\base\View.php(247): yii\base\View->renderPhpFile('D:\\day8\\advance...', Array)
#9 D:\day8\advanced\vendor\yiisoft\yii2\base\Controller.php(386): yii\base\View->renderFile('D:\\day8\\advance...', Array, Object(frontend\controllers\SiteController))
#10 D:\day8\advanced\vendor\yiisoft\yii2\base\Controller.php(372): yii\base\Controller->renderContent('<div class="sit...')
#11 D:\day8\advanced\frontend\controllers\SiteController.php(75): yii\base\Controller->render('index')
#12 [internal function]: frontend\controllers\SiteController->actionIndex()
#13 D:\day8\advanced\vendor\yiisoft\yii2\base\InlineAction.php(55): call_user_func_array(Array, Array)
#14 D:\day8\advanced\vendor\yiisoft\yii2\base\Controller.php(151): yii\base\InlineAction->runWithParams(Array)
#15 D:\day8\advanced\vendor\yiisoft\yii2\base\Module.php(455): yii\base\Controller->runAction('', Array)
#16 D:\day8\advanced\vendor\yiisoft\yii2\web\Application.php(84): yii\base\Module->runAction('', Array)
#17 D:\day8\advanced\vendor\yiisoft\yii2\base\Application.php(375): yii\web\Application->handleRequest(Object(yii\web\Request))
#18 D:\day8\advanced\frontend\web\index.php(18): yii\base\Application->run()
#19 {main}
2016-01-03 21:11:12 [127.0.0.1][-][-][info][application] $_COOKIE = [
    'pgv_pvi' => '5805983744'
    'CKFinder_Path' => 'Images:/:1'
    'vjuids' => '-55d53347f.150d5a1378b.0.ee53581f'
    'bdshare_firstime' => '1446790037236'
    'Hm_lvt_324368ef52596457d064ca5db8c6618e' => '1447029557'
    '_ga' => 'GA1.2.1680509199.1447029557'
    'Hm_lvt_080dabacb001ad3dc8b9b9049b36d43b' => '1447073664'
    '__gads' => 'ID=2dd5c3e5d5ea2c15:T=1447073620:S=ALNI_MYj2yIiDX6zJx8142G7TEP3WB86eA'
    'vjlast' => '1446693124.1447073664.11'
    'lastvisit' => '1447632599939'
    'Hm_lvt_afb625f73f5cdb2df77e65fce01cdb9d' => '1447816802'
    'CNZZDATA4782199' => 'cnzz_eid=997361507-1447812949-&ntime=1447812949'
    'Hm_lvt_7fe4ae9e1d0d01bcf748d066979cd2aa' => '1448283100'
    'CNZZDATA1254714237' => '2041149388-1448185007-http%3A%2F%2Fwww.day8.com%2F|1448670322'
    'Hm_lvt_d799c65d200835b98ecf7760c758bc5d' => '1448411685,1448501366,1448588535,1448670618'
    '8g71_2132_saltkey' => 's663hzxQ'
    '8g71_2132_lastvisit' => '1450682866'
    'ECS' => [
        'username' => '宏甜歌'
        'visit_times' => '40'
    ]
    'PHPSESSID' => 'tp5a3j0tdqkr9b790hahfg2it3'
    '_csrf' => '613f6c5bd5ed5d910be6e29646d82d5fec5f4c628ae06fed0de1e65e4e291621a:2:{i:0;s:5:\"_csrf\";i:1;s:32:\"eiVxN_lkMXcW2aVP_NCSzPd9I528q2-t\";}'
]

$_SERVER = [
    'HTTP_HOST' => 'www.day8.com'
    'HTTP_CONNECTION' => 'keep-alive'
    'HTTP_CACHE_CONTROL' => 'max-age=0'
    'HTTP_ACCEPT' => 'text/html,application/xhtml+xml,application/xml;q=0.9,image/webp,*/*;q=0.8'
    'HTTP_USER_AGENT' => 'Mozilla/5.0 (Windows NT 6.1; WOW64) AppleWebKit/537.36 (KHTML, like Gecko) Chrome/36.0.1985.125 Safari/537.36'
    'HTTP_ACCEPT_ENCODING' => 'gzip,deflate,sdch'
    'HTTP_ACCEPT_LANGUAGE' => 'zh-CN,zh;q=0.8'
    'HTTP_COOKIE' => 'pgv_pvi=5805983744; CKFinder_Path=Images%3A%2F%3A1; vjuids=-55d53347f.150d5a1378b.0.ee53581f; bdshare_firstime=1446790037236; Hm_lvt_324368ef52596457d064ca5db8c6618e=1447029557; _ga=GA1.2.1680509199.1447029557; Hm_lvt_080dabacb001ad3dc8b9b9049b36d43b=1447073664; __gads=ID=2dd5c3e5d5ea2c15:T=1447073620:S=ALNI_MYj2yIiDX6zJx8142G7TEP3WB86eA; vjlast=1446693124.1447073664.11; lastvisit=1447632599939; Hm_lvt_afb625f73f5cdb2df77e65fce01cdb9d=1447816802; CNZZDATA4782199=cnzz_eid%3D997361507-1447812949-%26ntime%3D1447812949; Hm_lvt_7fe4ae9e1d0d01bcf748d066979cd2aa=1448283100; CNZZDATA1254714237=2041149388-1448185007-http%253A%252F%252Fwww.day8.com%252F%7C1448670322; Hm_lvt_d799c65d200835b98ecf7760c758bc5d=1448411685,1448501366,1448588535,1448670618; 8g71_2132_saltkey=s663hzxQ; 8g71_2132_lastvisit=1450682866; ECS[username]=%E5%AE%8F%E7%94%9C%E6%AD%8C; ECS[visit_times]=40; PHPSESSID=tp5a3j0tdqkr9b790hahfg2it3; _csrf=613f6c5bd5ed5d910be6e29646d82d5fec5f4c628ae06fed0de1e65e4e291621a%3A2%3A%7Bi%3A0%3Bs%3A5%3A%22_csrf%22%3Bi%3A1%3Bs%3A32%3A%22eiVxN_lkMXcW2aVP_NCSzPd9I528q2-t%22%3B%7D'
    'PATH' => 'C:\\Windows\\system32;C:\\Windows;C:\\Windows\\System32\\Wbem;C:\\Windows\\System32\\WindowsPowerShell\\v1.0\\;D:\\wamp\\mysqldata\\bin;D:\\wamp\\mysql\\bin;C:\\Program Files\\TortoiseSVN\\bin;E:\\Composer\\UPUPW_AP5.6_64\\PHP5;C:\\ProgramData\\ComposerSetup\\bin;'
    'SystemRoot' => 'C:\\Windows'
    'COMSPEC' => 'C:\\Windows\\system32\\cmd.exe'
    'PATHEXT' => '.COM;.EXE;.BAT;.CMD;.VBS;.VBE;.JS;.JSE;.WSF;.WSH;.MSC'
    'WINDIR' => 'C:\\Windows'
    'SERVER_SIGNATURE' => '<address>Apache/2.4.17 Server at www.day8.com Port 80</address>
'
    'SERVER_SOFTWARE' => 'Apache/2.4.17'
    'SERVER_NAME' => 'www.day8.com'
    'SERVER_ADDR' => '127.0.0.1'
    'SERVER_PORT' => '80'
    'REMOTE_ADDR' => '127.0.0.1'
    'DOCUMENT_ROOT' => 'D:/day8'
    'REQUEST_SCHEME' => 'http'
    'CONTEXT_PREFIX' => ''
    'CONTEXT_DOCUMENT_ROOT' => 'D:/day8'
    'SERVER_ADMIN' => 'webmaster@www.day8.com'
    'SCRIPT_FILENAME' => 'D:/day8/advanced/frontend/web/index.php'
    'REMOTE_PORT' => '59610'
    'GATEWAY_INTERFACE' => 'CGI/1.1'
    'SERVER_PROTOCOL' => 'HTTP/1.1'
    'REQUEST_METHOD' => 'GET'
    'QUERY_STRING' => ''
    'REQUEST_URI' => '/advanced/frontend/web/'
    'SCRIPT_NAME' => '/advanced/frontend/web/index.php'
    'PHP_SELF' => '/advanced/frontend/web/index.php'
    'REQUEST_TIME_FLOAT' => 1451826672.56
    'REQUEST_TIME' => 1451826672
]
2016-01-03 21:11:12 [127.0.0.1][-][-][warning][yii\log\Dispatcher::dispatch] Unable to send log via yii\debug\LogTarget: Exception 'Exception' with message 'Serialization of 'Closure' is not allowed' 

in D:\day8\advanced\vendor\yiisoft\yii2-debug\LogTarget.php:58

Stack trace:
#0 D:\day8\advanced\vendor\yiisoft\yii2-debug\LogTarget.php(58): serialize(Array)
#1 D:\day8\advanced\vendor\yiisoft\yii2-debug\LogTarget.php(112): yii\debug\LogTarget->export(Array)
#2 D:\day8\advanced\vendor\yiisoft\yii2\log\Dispatcher.php(183): yii\debug\LogTarget->collect(Array, true)
#3 D:\day8\advanced\vendor\yiisoft\yii2\log\Logger.php(173): yii\log\Dispatcher->dispatch(Array, true)
#4 [internal function]: yii\log\Logger->flush(true)
#5 {main}
2016-01-03 21:11:12 [127.0.0.1][-][-][info][application] $_COOKIE = [
    'pgv_pvi' => '5805983744'
    'CKFinder_Path' => 'Images:/:1'
    'vjuids' => '-55d53347f.150d5a1378b.0.ee53581f'
    'bdshare_firstime' => '1446790037236'
    'Hm_lvt_324368ef52596457d064ca5db8c6618e' => '1447029557'
    '_ga' => 'GA1.2.1680509199.1447029557'
    'Hm_lvt_080dabacb001ad3dc8b9b9049b36d43b' => '1447073664'
    '__gads' => 'ID=2dd5c3e5d5ea2c15:T=1447073620:S=ALNI_MYj2yIiDX6zJx8142G7TEP3WB86eA'
    'vjlast' => '1446693124.1447073664.11'
    'lastvisit' => '1447632599939'
    'Hm_lvt_afb625f73f5cdb2df77e65fce01cdb9d' => '1447816802'
    'CNZZDATA4782199' => 'cnzz_eid=997361507-1447812949-&ntime=1447812949'
    'Hm_lvt_7fe4ae9e1d0d01bcf748d066979cd2aa' => '1448283100'
    'CNZZDATA1254714237' => '2041149388-1448185007-http%3A%2F%2Fwww.day8.com%2F|1448670322'
    'Hm_lvt_d799c65d200835b98ecf7760c758bc5d' => '1448411685,1448501366,1448588535,1448670618'
    '8g71_2132_saltkey' => 's663hzxQ'
    '8g71_2132_lastvisit' => '1450682866'
    'ECS' => [
        'username' => '宏甜歌'
        'visit_times' => '40'
    ]
    'PHPSESSID' => 'tp5a3j0tdqkr9b790hahfg2it3'
    '_csrf' => '613f6c5bd5ed5d910be6e29646d82d5fec5f4c628ae06fed0de1e65e4e291621a:2:{i:0;s:5:\"_csrf\";i:1;s:32:\"eiVxN_lkMXcW2aVP_NCSzPd9I528q2-t\";}'
]

$_SERVER = [
    'HTTP_HOST' => 'www.day8.com'
    'HTTP_CONNECTION' => 'keep-alive'
    'HTTP_CACHE_CONTROL' => 'max-age=0'
    'HTTP_ACCEPT' => 'text/html,application/xhtml+xml,application/xml;q=0.9,image/webp,*/*;q=0.8'
    'HTTP_USER_AGENT' => 'Mozilla/5.0 (Windows NT 6.1; WOW64) AppleWebKit/537.36 (KHTML, like Gecko) Chrome/36.0.1985.125 Safari/537.36'
    'HTTP_ACCEPT_ENCODING' => 'gzip,deflate,sdch'
    'HTTP_ACCEPT_LANGUAGE' => 'zh-CN,zh;q=0.8'
    'HTTP_COOKIE' => 'pgv_pvi=5805983744; CKFinder_Path=Images%3A%2F%3A1; vjuids=-55d53347f.150d5a1378b.0.ee53581f; bdshare_firstime=1446790037236; Hm_lvt_324368ef52596457d064ca5db8c6618e=1447029557; _ga=GA1.2.1680509199.1447029557; Hm_lvt_080dabacb001ad3dc8b9b9049b36d43b=1447073664; __gads=ID=2dd5c3e5d5ea2c15:T=1447073620:S=ALNI_MYj2yIiDX6zJx8142G7TEP3WB86eA; vjlast=1446693124.1447073664.11; lastvisit=1447632599939; Hm_lvt_afb625f73f5cdb2df77e65fce01cdb9d=1447816802; CNZZDATA4782199=cnzz_eid%3D997361507-1447812949-%26ntime%3D1447812949; Hm_lvt_7fe4ae9e1d0d01bcf748d066979cd2aa=1448283100; CNZZDATA1254714237=2041149388-1448185007-http%253A%252F%252Fwww.day8.com%252F%7C1448670322; Hm_lvt_d799c65d200835b98ecf7760c758bc5d=1448411685,1448501366,1448588535,1448670618; 8g71_2132_saltkey=s663hzxQ; 8g71_2132_lastvisit=1450682866; ECS[username]=%E5%AE%8F%E7%94%9C%E6%AD%8C; ECS[visit_times]=40; PHPSESSID=tp5a3j0tdqkr9b790hahfg2it3; _csrf=613f6c5bd5ed5d910be6e29646d82d5fec5f4c628ae06fed0de1e65e4e291621a%3A2%3A%7Bi%3A0%3Bs%3A5%3A%22_csrf%22%3Bi%3A1%3Bs%3A32%3A%22eiVxN_lkMXcW2aVP_NCSzPd9I528q2-t%22%3B%7D'
    'PATH' => 'C:\\Windows\\system32;C:\\Windows;C:\\Windows\\System32\\Wbem;C:\\Windows\\System32\\WindowsPowerShell\\v1.0\\;D:\\wamp\\mysqldata\\bin;D:\\wamp\\mysql\\bin;C:\\Program Files\\TortoiseSVN\\bin;E:\\Composer\\UPUPW_AP5.6_64\\PHP5;C:\\ProgramData\\ComposerSetup\\bin;'
    'SystemRoot' => 'C:\\Windows'
    'COMSPEC' => 'C:\\Windows\\system32\\cmd.exe'
    'PATHEXT' => '.COM;.EXE;.BAT;.CMD;.VBS;.VBE;.JS;.JSE;.WSF;.WSH;.MSC'
    'WINDIR' => 'C:\\Windows'
    'SERVER_SIGNATURE' => '<address>Apache/2.4.17 Server at www.day8.com Port 80</address>
'
    'SERVER_SOFTWARE' => 'Apache/2.4.17'
    'SERVER_NAME' => 'www.day8.com'
    'SERVER_ADDR' => '127.0.0.1'
    'SERVER_PORT' => '80'
    'REMOTE_ADDR' => '127.0.0.1'
    'DOCUMENT_ROOT' => 'D:/day8'
    'REQUEST_SCHEME' => 'http'
    'CONTEXT_PREFIX' => ''
    'CONTEXT_DOCUMENT_ROOT' => 'D:/day8'
    'SERVER_ADMIN' => 'webmaster@www.day8.com'
    'SCRIPT_FILENAME' => 'D:/day8/advanced/frontend/web/index.php'
    'REMOTE_PORT' => '59610'
    'GATEWAY_INTERFACE' => 'CGI/1.1'
    'SERVER_PROTOCOL' => 'HTTP/1.1'
    'REQUEST_METHOD' => 'GET'
    'QUERY_STRING' => ''
    'REQUEST_URI' => '/advanced/frontend/web/'
    'SCRIPT_NAME' => '/advanced/frontend/web/index.php'
    'PHP_SELF' => '/advanced/frontend/web/index.php'
    'REQUEST_TIME_FLOAT' => 1451826672.56
    'REQUEST_TIME' => 1451826672
]
2016-04-13 15:00:17 [127.0.0.1][-][ib6gb4gi0patae5jeh9lvesea4][error][yii\web\HttpException:404] exception 'yii\base\InvalidRouteException' with message 'Unable to resolve the request "".' in D:\WWW\ruipu\vendor\yiisoft\yii2\base\Module.php:461
Stack trace:
#0 D:\WWW\ruipu\vendor\yiisoft\yii2\web\Application.php(84): yii\base\Module->runAction('', Array)
#1 D:\WWW\ruipu\vendor\yiisoft\yii2\base\Application.php(375): yii\web\Application->handleRequest(Object(yii\web\Request))
#2 D:\WWW\ruipu\frontend\web\index.php(18): yii\base\Application->run()
#3 {main}

Next exception 'yii\web\NotFoundHttpException' with message 'Page not found.' in D:\WWW\ruipu\vendor\yiisoft\yii2\web\Application.php:96
Stack trace:
#0 D:\WWW\ruipu\vendor\yiisoft\yii2\base\Application.php(375): yii\web\Application->handleRequest(Object(yii\web\Request))
#1 D:\WWW\ruipu\frontend\web\index.php(18): yii\base\Application->run()
#2 {main}
2016-04-13 15:00:17 [127.0.0.1][-][ib6gb4gi0patae5jeh9lvesea4][info][application] $_COOKIE = [
    'pgv_pvi' => '6824312832'
    'pgv_si' => 's1006797824'
    'Hm_lvt_080836300300be57b7f34f4b3e97d911' => '1460528982'
    'Hm_lpvt_080836300300be57b7f34f4b3e97d911' => '1460528982'
    'Huiskin' => 'green'
    'PHPSESSID' => 'ib6gb4gi0patae5jeh9lvesea4'
    '_csrf' => '7dec0f40a3ddda7b8074c24a9a8386e52a88dad20e7f80bbaa486c75446b1c3ea:2:{i:0;s:5:\"_csrf\";i:1;s:32:\"q4sgSRn4mE_0meaCMPfNCPmrZJs5MWaF\";}'
]

$_SESSION = [
    '__flash' => []
]

$_SERVER = [
    'PATH' => 'C:\\Windows\\system32;C:\\Windows;C:\\Windows\\System32\\Wbem;C:\\Windows\\System32\\WindowsPowerShell\\v1.0\\;D:\\wamp\\phpStudy\\php55n;D:\\SVN\\install_file\\bin;D:\\SVN\\TortoiseSVN\\bin'
    'SYSTEMROOT' => 'C:\\Windows'
    'COMSPEC' => 'C:\\Windows\\system32\\cmd.exe'
    'PATHEXT' => '.COM;.EXE;.BAT;.CMD;.VBS;.VBE;.JS;.JSE;.WSF;.WSH;.MSC'
    'WINDIR' => 'C:\\Windows'
    'PHP_FCGI_MAX_REQUESTS' => '1000'
    'PHPRC' => 'D:/wamp/phpStudy/php56n'
    '_FCGI_SHUTDOWN_EVENT_' => '1884'
    'SCRIPT_NAME' => '/ruipu/frontend/web/index.php'
    'REQUEST_URI' => '/ruipu/frontend/web/index.php'
    'QUERY_STRING' => ''
    'REQUEST_METHOD' => 'GET'
    'SERVER_PROTOCOL' => 'HTTP/1.1'
    'GATEWAY_INTERFACE' => 'CGI/1.1'
    'REMOTE_PORT' => '59995'
    'SCRIPT_FILENAME' => 'D:/WWW/ruipu/frontend/web/index.php'
    'SERVER_ADMIN' => 'admin@phpStudy.net'
    'CONTEXT_DOCUMENT_ROOT' => 'D:/WWW'
    'CONTEXT_PREFIX' => ''
    'REQUEST_SCHEME' => 'http'
    'DOCUMENT_ROOT' => 'D:/WWW'
    'REMOTE_ADDR' => '127.0.0.1'
    'SERVER_PORT' => '80'
    'SERVER_ADDR' => '127.0.0.1'
    'SERVER_NAME' => 'www.study.com'
    'SERVER_SOFTWARE' => 'Apache/2.4.10 (Win32) OpenSSL/1.0.1i mod_fcgid/2.3.9'
    'SERVER_SIGNATURE' => ''
    'SystemRoot' => 'C:\\Windows'
    'HTTP_COOKIE' => 'pgv_pvi=6824312832; pgv_si=s1006797824; Hm_lvt_080836300300be57b7f34f4b3e97d911=1460528982; Hm_lpvt_080836300300be57b7f34f4b3e97d911=1460528982; Huiskin=green; PHPSESSID=ib6gb4gi0patae5jeh9lvesea4; _csrf=7dec0f40a3ddda7b8074c24a9a8386e52a88dad20e7f80bbaa486c75446b1c3ea%3A2%3A%7Bi%3A0%3Bs%3A5%3A%22_csrf%22%3Bi%3A1%3Bs%3A32%3A%22q4sgSRn4mE_0meaCMPfNCPmrZJs5MWaF%22%3B%7D'
    'HTTP_ACCEPT_LANGUAGE' => 'zh-CN,zh;q=0.8'
    'HTTP_ACCEPT_ENCODING' => 'gzip, deflate, sdch'
    'HTTP_USER_AGENT' => 'Mozilla/5.0 (Windows NT 6.1; WOW64) AppleWebKit/537.36 (KHTML, like Gecko) Chrome/48.0.2564.97 Safari/537.36'
    'HTTP_UPGRADE_INSECURE_REQUESTS' => '1'
    'HTTP_ACCEPT' => 'text/html,application/xhtml+xml,application/xml;q=0.9,image/webp,*/*;q=0.8'
    'HTTP_CONNECTION' => 'close'
    'HTTP_HOST' => 'www.study.com'
    'FCGI_ROLE' => 'RESPONDER'
    'PHP_SELF' => '/ruipu/frontend/web/index.php'
    'REQUEST_TIME_FLOAT' => 1460530817.8384
    'REQUEST_TIME' => 1460530817
]
